{"/home/travis/build/npmtest/node-npmtest-influx/test.js":{"path":"/home/travis/build/npmtest/node-npmtest-influx/test.js","s":{"1":2,"2":2,"3":2,"4":2,"5":2,"6":2,"7":2,"8":1,"9":2,"10":2,"11":1,"12":1,"13":1,"14":1,"15":2,"16":2,"17":2,"18":2,"19":1,"20":1,"21":2,"22":2,"23":2,"24":1,"25":1,"26":1,"27":1,"28":1,"29":1,"30":1,"31":1,"32":1,"33":1,"34":1,"35":1,"36":1,"37":1,"38":1,"39":2,"40":2,"41":1,"42":2,"43":2,"44":1,"45":2,"46":2,"47":1,"48":2,"49":2,"50":1,"51":1,"52":1,"53":1,"54":1},"b":{"1":[2,1,1,1],"2":[1,1,1,1],"3":[1,1],"4":[1,1],"5":[1,1],"6":[1,1],"7":[1,1],"8":[1,1],"9":[1,1],"10":[1,1,1],"11":[1,1],"12":[1,1],"13":[1,1],"14":[1,1],"15":[1,1],"16":[1,1],"17":[1,1]},"f":{"1":2,"2":2,"3":2,"4":2,"5":2,"6":1,"7":1,"8":1,"9":2,"10":2,"11":2,"12":2,"13":1},"fnMap":{"1":{"name":"(anonymous_1)","line":12,"loc":{"start":{"line":12,"column":1},"end":{"line":12,"column":13}}},"2":{"name":"(anonymous_2)","line":19,"loc":{"start":{"line":19,"column":5},"end":{"line":19,"column":17}}},"3":{"name":"(anonymous_3)","line":23,"loc":{"start":{"line":23,"column":24},"end":{"line":23,"column":36}}},"4":{"name":"(anonymous_4)","line":61,"loc":{"start":{"line":61,"column":5},"end":{"line":61,"column":17}}},"5":{"name":"(anonymous_5)","line":82,"loc":{"start":{"line":82,"column":5},"end":{"line":82,"column":17}}},"6":{"name":"(anonymous_6)","line":91,"loc":{"start":{"line":91,"column":77},"end":{"line":94,"column":10}}},"7":{"name":"(anonymous_7)","line":112,"loc":{"start":{"line":112,"column":83},"end":{"line":115,"column":10}},"skip":true},"8":{"name":"(anonymous_8)","line":123,"loc":{"start":{"line":123,"column":77},"end":{"line":126,"column":10}},"skip":true},"9":{"name":"(anonymous_9)","line":139,"loc":{"start":{"line":139,"column":12},"end":{"line":139,"column":40}},"skip":true},"10":{"name":"(anonymous_10)","line":147,"loc":{"start":{"line":147,"column":77},"end":{"line":150,"column":10}},"skip":true},"11":{"name":"(anonymous_11)","line":158,"loc":{"start":{"line":158,"column":83},"end":{"line":161,"column":10}},"skip":true},"12":{"name":"(anonymous_12)","line":169,"loc":{"start":{"line":169,"column":79},"end":{"line":172,"column":10}},"skip":true},"13":{"name":"(anonymous_13)","line":180,"loc":{"start":{"line":180,"column":75},"end":{"line":183,"column":10}},"skip":true}},"statementMap":{"1":{"start":{"line":12,"column":0},"end":{"line":195,"column":5}},"2":{"start":{"line":14,"column":4},"end":{"line":14,"column":14}},"3":{"start":{"line":19,"column":4},"end":{"line":56,"column":9}},"4":{"start":{"line":21,"column":8},"end":{"line":21,"column":19}},"5":{"start":{"line":23,"column":8},"end":{"line":35,"column":13}},"6":{"start":{"line":24,"column":12},"end":{"line":34,"column":13}},"7":{"start":{"line":25,"column":16},"end":{"line":28,"column":30}},"8":{"start":{"line":30,"column":16},"end":{"line":33,"column":27}},"9":{"start":{"line":37,"column":8},"end":{"line":39,"column":21}},"10":{"start":{"line":40,"column":8},"end":{"line":53,"column":9}},"11":{"start":{"line":43,"column":12},"end":{"line":46,"column":14}},"12":{"start":{"line":47,"column":12},"end":{"line":47,"column":18}},"13":{"start":{"line":50,"column":12},"end":{"line":51,"column":46}},"14":{"start":{"line":52,"column":12},"end":{"line":52,"column":18}},"15":{"start":{"line":55,"column":8},"end":{"line":55,"column":35}},"16":{"start":{"line":61,"column":4},"end":{"line":63,"column":9}},"17":{"start":{"line":62,"column":8},"end":{"line":62,"column":15}},"18":{"start":{"line":64,"column":4},"end":{"line":77,"column":5}},"19":{"start":{"line":70,"column":8},"end":{"line":70,"column":14}},"20":{"start":{"line":76,"column":8},"end":{"line":76,"column":14}},"21":{"start":{"line":82,"column":4},"end":{"line":84,"column":9}},"22":{"start":{"line":83,"column":8},"end":{"line":83,"column":15}},"23":{"start":{"line":85,"column":4},"end":{"line":194,"column":5}},"24":{"start":{"line":91,"column":8},"end":{"line":99,"column":10}},"25":{"start":{"line":98,"column":12},"end":{"line":98,"column":35}},"26":{"start":{"line":102,"column":8},"end":{"line":104,"column":63}},"27":{"start":{"line":105,"column":8},"end":{"line":105,"column":14}},"28":{"start":{"line":112,"column":8},"end":{"line":121,"column":10},"skip":true},"29":{"start":{"line":119,"column":12},"end":{"line":119,"column":55},"skip":true},"30":{"start":{"line":120,"column":12},"end":{"line":120,"column":48},"skip":true},"31":{"start":{"line":123,"column":8},"end":{"line":136,"column":10},"skip":true},"32":{"start":{"line":130,"column":12},"end":{"line":130,"column":76},"skip":true},"33":{"start":{"line":131,"column":12},"end":{"line":131,"column":73},"skip":true},"34":{"start":{"line":132,"column":12},"end":{"line":132,"column":74},"skip":true},"35":{"start":{"line":133,"column":12},"end":{"line":133,"column":79},"skip":true},"36":{"start":{"line":134,"column":12},"end":{"line":134,"column":25},"skip":true},"37":{"start":{"line":135,"column":12},"end":{"line":135,"column":45},"skip":true},"38":{"start":{"line":138,"column":8},"end":{"line":145,"column":14},"skip":true},"39":{"start":{"line":143,"column":16},"end":{"line":143,"column":29},"skip":true},"40":{"start":{"line":144,"column":16},"end":{"line":144,"column":55},"skip":true},"41":{"start":{"line":147,"column":8},"end":{"line":156,"column":10},"skip":true},"42":{"start":{"line":154,"column":12},"end":{"line":154,"column":25},"skip":true},"43":{"start":{"line":155,"column":12},"end":{"line":155,"column":45},"skip":true},"44":{"start":{"line":158,"column":8},"end":{"line":167,"column":10},"skip":true},"45":{"start":{"line":165,"column":12},"end":{"line":165,"column":25},"skip":true},"46":{"start":{"line":166,"column":12},"end":{"line":166,"column":48},"skip":true},"47":{"start":{"line":169,"column":8},"end":{"line":178,"column":10},"skip":true},"48":{"start":{"line":176,"column":12},"end":{"line":176,"column":25},"skip":true},"49":{"start":{"line":177,"column":12},"end":{"line":177,"column":46},"skip":true},"50":{"start":{"line":180,"column":8},"end":{"line":189,"column":10},"skip":true},"51":{"start":{"line":187,"column":12},"end":{"line":187,"column":94},"skip":true},"52":{"start":{"line":188,"column":12},"end":{"line":188,"column":48},"skip":true},"53":{"start":{"line":192,"column":8},"end":{"line":192,"column":35},"skip":true},"54":{"start":{"line":193,"column":8},"end":{"line":193,"column":14},"skip":true}},"branchMap":{"1":{"line":25,"type":"binary-expr","locations":[{"start":{"line":25,"column":23},"end":{"line":25,"column":62}},{"start":{"line":26,"column":20},"end":{"line":26,"column":70}},{"start":{"line":27,"column":20},"end":{"line":27,"column":71}},{"start":{"line":28,"column":20},"end":{"line":28,"column":29}}]},"2":{"line":30,"type":"binary-expr","locations":[{"start":{"line":30,"column":23},"end":{"line":30,"column":37}},{"start":{"line":31,"column":20},"end":{"line":31,"column":61}},{"start":{"line":32,"column":20},"end":{"line":32,"column":70}},{"start":{"line":33,"column":20},"end":{"line":33,"column":26}}]},"3":{"line":37,"type":"cond-expr","locations":[{"start":{"line":38,"column":14},"end":{"line":38,"column":20}},{"start":{"line":39,"column":14},"end":{"line":39,"column":20}}]},"4":{"line":40,"type":"switch","locations":[{"start":{"line":42,"column":8},"end":{"line":47,"column":18}},{"start":{"line":49,"column":8},"end":{"line":52,"column":18}}]},"5":{"line":44,"type":"binary-expr","locations":[{"start":{"line":44,"column":16},"end":{"line":44,"column":44}},{"start":{"line":44,"column":48},"end":{"line":44,"column":66}}]},"6":{"line":50,"type":"binary-expr","locations":[{"start":{"line":50,"column":21},"end":{"line":50,"column":49}},{"start":{"line":50,"column":53},"end":{"line":50,"column":72}}]},"7":{"line":64,"type":"switch","locations":[{"start":{"line":69,"column":4},"end":{"line":70,"column":14}},{"start":{"line":75,"column":4},"end":{"line":76,"column":14}}]},"8":{"line":85,"type":"switch","locations":[{"start":{"line":90,"column":4},"end":{"line":105,"column":14}},{"start":{"line":111,"column":4},"end":{"line":193,"column":14},"skip":true}]},"9":{"line":91,"type":"binary-expr","locations":[{"start":{"line":91,"column":42},"end":{"line":91,"column":73}},{"start":{"line":91,"column":77},"end":{"line":99,"column":9}}]},"10":{"line":102,"type":"binary-expr","locations":[{"start":{"line":102,"column":18},"end":{"line":102,"column":32}},{"start":{"line":103,"column":12},"end":{"line":103,"column":53}},{"start":{"line":104,"column":12},"end":{"line":104,"column":61}}]},"11":{"line":112,"type":"binary-expr","locations":[{"start":{"line":112,"column":45},"end":{"line":112,"column":79},"skip":true},{"start":{"line":112,"column":83},"end":{"line":121,"column":9},"skip":true}]},"12":{"line":123,"type":"binary-expr","locations":[{"start":{"line":123,"column":42},"end":{"line":123,"column":73},"skip":true},{"start":{"line":123,"column":77},"end":{"line":136,"column":9},"skip":true}]},"13":{"line":138,"type":"binary-expr","locations":[{"start":{"line":138,"column":48},"end":{"line":138,"column":85},"skip":true},{"start":{"line":139,"column":12},"end":{"line":145,"column":13},"skip":true}]},"14":{"line":147,"type":"binary-expr","locations":[{"start":{"line":147,"column":42},"end":{"line":147,"column":73},"skip":true},{"start":{"line":147,"column":77},"end":{"line":156,"column":9},"skip":true}]},"15":{"line":158,"type":"binary-expr","locations":[{"start":{"line":158,"column":45},"end":{"line":158,"column":79},"skip":true},{"start":{"line":158,"column":83},"end":{"line":167,"column":9},"skip":true}]},"16":{"line":169,"type":"binary-expr","locations":[{"start":{"line":169,"column":43},"end":{"line":169,"column":75},"skip":true},{"start":{"line":169,"column":79},"end":{"line":178,"column":9},"skip":true}]},"17":{"line":180,"type":"binary-expr","locations":[{"start":{"line":180,"column":41},"end":{"line":180,"column":71},"skip":true},{"start":{"line":180,"column":75},"end":{"line":189,"column":9},"skip":true}]}},"code":["/* istanbul instrument in package npmtest_influx */","/*jslint","    bitwise: true,","    browser: true,","    maxerr: 8,","    maxlen: 96,","    node: true,","    nomen: true,","    regexp: true,","    stupid: true","*/","(function () {","    'use strict';","    var local;","","","","    // run shared js-env code - pre-init","    (function () {","        // init local","        local = {};","        // init modeJs","        local.modeJs = (function () {","            try {","                return typeof navigator.userAgent === 'string' &&","                    typeof document.querySelector('body') === 'object' &&","                    typeof XMLHttpRequest.prototype.open === 'function' &&","                    'browser';","            } catch (errorCaughtBrowser) {","                return module.exports &&","                    typeof process.versions.node === 'string' &&","                    typeof require('http').createServer === 'function' &&","                    'node';","            }","        }());","        // init global","        local.global = local.modeJs === 'browser'","            ? window","            : global;","        switch (local.modeJs) {","        // re-init local from window.local","        case 'browser':","            local = local.global.utility2.objectSetDefault(","                local.global.utility2_rollup || local.global.local,","                local.global.utility2","            );","            break;","        // re-init local from example.js","        case 'node':","            local = (local.global.utility2_rollup || require('utility2'))","                .requireExampleJsFromReadme();","            break;","        }","        // export local","        local.global.local = local;","    }());","","","","    // run shared js-env code - function","    (function () {","        return;","    }());","    switch (local.modeJs) {","","","","    // run browser js-env code - function","    case 'browser':","        break;","","","","    // run node js-env code - function","    case 'node':","        break;","    }","","","","    // run shared js-env code - post-init","    (function () {","        return;","    }());","    switch (local.modeJs) {","","","","    // run browser js-env code - post-init","    case 'browser':","        local.testCase_browser_nullCase = local.testCase_browser_nullCase || function (","            options,","            onError","        ) {","        /*","         * this function will test browsers's null-case handling-behavior-behavior","         */","            onError(null, options);","        };","","        // run tests","        local.nop(local.modeTest &&","            document.querySelector('#testRunButton1') &&","            document.querySelector('#testRunButton1').click());","        break;","","","","    // run node js-env code - post-init","    /* istanbul ignore next */","    case 'node':","        local.testCase_buildApidoc_default = local.testCase_buildApidoc_default || function (","            options,","            onError","        ) {","        /*","         * this function will test buildApidoc's default handling-behavior-behavior","         */","            options = { modulePathList: module.paths };","            local.buildApidoc(options, onError);","        };","","        local.testCase_buildApp_default = local.testCase_buildApp_default || function (","            options,","            onError","        ) {","        /*","         * this function will test buildApp's default handling-behavior-behavior","         */","            local.testCase_buildReadme_default(options, local.onErrorThrow);","            local.testCase_buildLib_default(options, local.onErrorThrow);","            local.testCase_buildTest_default(options, local.onErrorThrow);","            local.testCase_buildCustomOrg_default(options, local.onErrorThrow);","            options = [];","            local.buildApp(options, onError);","        };","","        local.testCase_buildCustomOrg_default = local.testCase_buildCustomOrg_default ||","            function (options, onError) {","            /*","             * this function will test buildCustomOrg's default handling-behavior","             */","                options = {};","                local.buildCustomOrg(options, onError);","            };","","        local.testCase_buildLib_default = local.testCase_buildLib_default || function (","            options,","            onError","        ) {","        /*","         * this function will test buildLib's default handling-behavior","         */","            options = {};","            local.buildLib(options, onError);","        };","","        local.testCase_buildReadme_default = local.testCase_buildReadme_default || function (","            options,","            onError","        ) {","        /*","         * this function will test buildReadme's default handling-behavior-behavior","         */","            options = {};","            local.buildReadme(options, onError);","        };","","        local.testCase_buildTest_default = local.testCase_buildTest_default || function (","            options,","            onError","        ) {","        /*","         * this function will test buildTest's default handling-behavior","         */","            options = {};","            local.buildTest(options, onError);","        };","","        local.testCase_webpage_default = local.testCase_webpage_default || function (","            options,","            onError","        ) {","        /*","         * this function will test webpage's default handling-behavior","         */","            options = { modeCoverageMerge: true, url: local.serverLocalHost + '?modeTest=1' };","            local.browserTest(options, onError);","        };","","        // run test-server","        local.testRunServer(local);","        break;","    }","}());",""],"l":{"12":2,"14":2,"19":2,"21":2,"23":2,"24":2,"25":2,"30":1,"37":2,"40":2,"43":1,"47":1,"50":1,"52":1,"55":2,"61":2,"62":2,"64":2,"70":1,"76":1,"82":2,"83":2,"85":2,"91":1,"98":1,"102":1,"105":1,"112":1,"119":1,"120":1,"123":1,"130":1,"131":1,"132":1,"133":1,"134":1,"135":1,"138":1,"143":2,"144":2,"147":1,"154":2,"155":2,"158":1,"165":2,"166":2,"169":1,"176":2,"177":2,"180":1,"187":1,"188":1,"192":1,"193":1}},"/home/travis/build/npmtest/node-npmtest-influx/lib.npmtest_influx.js":{"path":"/home/travis/build/npmtest/node-npmtest-influx/lib.npmtest_influx.js","s":{"1":2,"2":2,"3":2,"4":2,"5":2,"6":2,"7":2,"8":1,"9":2,"10":2,"11":2,"12":2,"13":1,"14":1,"15":1,"16":1},"b":{"1":[2,1,1,1],"2":[1,1,1,1],"3":[1,1],"4":[2,2],"5":[1,1]},"f":{"1":2,"2":2,"3":2},"fnMap":{"1":{"name":"(anonymous_1)","line":12,"loc":{"start":{"line":12,"column":1},"end":{"line":12,"column":13}}},"2":{"name":"(anonymous_2)","line":19,"loc":{"start":{"line":19,"column":5},"end":{"line":19,"column":17}}},"3":{"name":"(anonymous_3)","line":23,"loc":{"start":{"line":23,"column":24},"end":{"line":23,"column":36}}}},"statementMap":{"1":{"start":{"line":12,"column":0},"end":{"line":53,"column":5}},"2":{"start":{"line":14,"column":4},"end":{"line":14,"column":14}},"3":{"start":{"line":19,"column":4},"end":{"line":52,"column":9}},"4":{"start":{"line":21,"column":8},"end":{"line":21,"column":19}},"5":{"start":{"line":23,"column":8},"end":{"line":35,"column":13}},"6":{"start":{"line":24,"column":12},"end":{"line":34,"column":13}},"7":{"start":{"line":25,"column":16},"end":{"line":28,"column":30}},"8":{"start":{"line":30,"column":16},"end":{"line":33,"column":27}},"9":{"start":{"line":37,"column":8},"end":{"line":39,"column":21}},"10":{"start":{"line":41,"column":8},"end":{"line":41,"column":54}},"11":{"start":{"line":43,"column":8},"end":{"line":43,"column":51}},"12":{"start":{"line":45,"column":8},"end":{"line":51,"column":9}},"13":{"start":{"line":46,"column":12},"end":{"line":46,"column":57}},"14":{"start":{"line":48,"column":12},"end":{"line":48,"column":35}},"15":{"start":{"line":49,"column":12},"end":{"line":49,"column":49}},"16":{"start":{"line":50,"column":12},"end":{"line":50,"column":43}}},"branchMap":{"1":{"line":25,"type":"binary-expr","locations":[{"start":{"line":25,"column":23},"end":{"line":25,"column":62}},{"start":{"line":26,"column":20},"end":{"line":26,"column":70}},{"start":{"line":27,"column":20},"end":{"line":27,"column":71}},{"start":{"line":28,"column":20},"end":{"line":28,"column":29}}]},"2":{"line":30,"type":"binary-expr","locations":[{"start":{"line":30,"column":23},"end":{"line":30,"column":37}},{"start":{"line":31,"column":20},"end":{"line":31,"column":61}},{"start":{"line":32,"column":20},"end":{"line":32,"column":70}},{"start":{"line":33,"column":20},"end":{"line":33,"column":26}}]},"3":{"line":37,"type":"cond-expr","locations":[{"start":{"line":38,"column":14},"end":{"line":38,"column":20}},{"start":{"line":39,"column":14},"end":{"line":39,"column":20}}]},"4":{"line":41,"type":"binary-expr","locations":[{"start":{"line":41,"column":16},"end":{"line":41,"column":44}},{"start":{"line":41,"column":48},"end":{"line":41,"column":53}}]},"5":{"line":45,"type":"if","locations":[{"start":{"line":45,"column":8},"end":{"line":45,"column":8}},{"start":{"line":45,"column":8},"end":{"line":45,"column":8}}]}},"code":["/* istanbul instrument in package npmtest_influx */","/*jslint","    bitwise: true,","    browser: true,","    maxerr: 8,","    maxlen: 96,","    node: true,","    nomen: true,","    regexp: true,","    stupid: true","*/","(function () {","    'use strict';","    var local;","","","","    // run shared js-env code - pre-init","    (function () {","        // init local","        local = {};","        // init modeJs","        local.modeJs = (function () {","            try {","                return typeof navigator.userAgent === 'string' &&","                    typeof document.querySelector('body') === 'object' &&","                    typeof XMLHttpRequest.prototype.open === 'function' &&","                    'browser';","            } catch (errorCaughtBrowser) {","                return module.exports &&","                    typeof process.versions.node === 'string' &&","                    typeof require('http').createServer === 'function' &&","                    'node';","            }","        }());","        // init global","        local.global = local.modeJs === 'browser'","            ? window","            : global;","        // init utility2_rollup","        local = local.global.utility2_rollup || local;","        // init lib","        local.local = local.npmtest_influx = local;","        // init exports","        if (local.modeJs === 'browser') {","            local.global.utility2_npmtest_influx = local;","        } else {","            module.exports = local;","            module.exports.__dirname = __dirname;","            module.exports.module = module;","        }","    }());","}());",""],"l":{"12":2,"14":2,"19":2,"21":2,"23":2,"24":2,"25":2,"30":1,"37":2,"41":2,"43":2,"45":2,"46":1,"48":1,"49":1,"50":1}},"/home/travis/build/npmtest/node-npmtest-influx/example.js":{"path":"/home/travis/build/npmtest/node-npmtest-influx/example.js","s":{"1":2,"2":2,"3":2,"4":2,"5":2,"6":2,"7":2,"8":1,"9":2,"10":2,"11":2,"12":2,"13":1,"14":2,"15":2,"16":2,"17":2,"18":2,"19":0,"20":2,"21":1,"22":1,"23":1,"24":1,"25":1,"26":0,"27":0,"28":1,"29":1,"30":2,"31":0,"32":0,"33":0,"34":1,"35":2,"36":2,"37":3,"38":3,"39":3,"40":3,"41":0,"42":3,"43":3,"44":3,"45":1,"46":3,"47":1,"48":1,"49":1,"50":1,"51":1,"52":1,"53":1,"54":1,"55":1,"56":1,"57":0,"58":1,"59":6,"60":6,"61":1,"62":2,"63":0,"64":2,"65":1,"66":1,"67":0,"68":0,"69":0,"70":0,"71":0,"72":0,"73":0,"74":0,"75":0,"76":0,"77":0,"78":0,"79":0,"80":0,"81":0,"82":0,"83":0},"b":{"1":[2,1,1,1],"2":[1,1,1,1],"3":[1,1],"4":[2,2],"5":[1,1],"6":[1,1],"7":[2,0],"8":[2,1,1,1,1,1],"9":[0,2,0],"10":[1,1],"11":[2,1,1],"12":[1,0],"13":[0,2],"14":[2,0,0,0,0,0,0],"15":[0,3],"16":[3,0],"17":[1,1],"18":[0,1],"19":[1,2,0,2],"20":[1,0],"21":[1,1],"22":[0,0],"23":[0,0],"24":[0,0],"25":[0,0],"26":[0,0],"27":[0,0],"28":[0,0]},"f":{"1":2,"2":2,"3":2,"4":2,"5":2,"6":2,"7":3,"8":3,"9":3,"10":1,"11":6,"12":0},"fnMap":{"1":{"name":"(anonymous_1)","line":26,"loc":{"start":{"line":26,"column":1},"end":{"line":26,"column":13}}},"2":{"name":"(anonymous_2)","line":33,"loc":{"start":{"line":33,"column":5},"end":{"line":33,"column":17}}},"3":{"name":"(anonymous_3)","line":37,"loc":{"start":{"line":37,"column":24},"end":{"line":37,"column":36}}},"4":{"name":"(anonymous_4)","line":69,"loc":{"start":{"line":69,"column":31},"end":{"line":69,"column":48}},"skip":true},"5":{"name":"(anonymous_5)","line":78,"loc":{"start":{"line":78,"column":26},"end":{"line":78,"column":45}},"skip":true},"6":{"name":"(anonymous_6)","line":123,"loc":{"start":{"line":123,"column":33},"end":{"line":123,"column":48}},"skip":true},"7":{"name":"(anonymous_7)","line":125,"loc":{"start":{"line":125,"column":27},"end":{"line":125,"column":39}},"skip":true},"8":{"name":"(anonymous_8)","line":133,"loc":{"start":{"line":133,"column":59},"end":{"line":133,"column":74}},"skip":true},"9":{"name":"(anonymous_9)","line":143,"loc":{"start":{"line":143,"column":45},"end":{"line":143,"column":62}},"skip":true},"10":{"name":"(anonymous_10)","line":144,"loc":{"start":{"line":144,"column":73},"end":{"line":144,"column":92}},"skip":true},"11":{"name":"(anonymous_11)","line":272,"loc":{"start":{"line":272,"column":51},"end":{"line":272,"column":77}},"skip":true},"12":{"name":"(anonymous_12)","line":315,"loc":{"start":{"line":315,"column":32},"end":{"line":315,"column":61}},"skip":true}},"statementMap":{"1":{"start":{"line":26,"column":0},"end":{"line":326,"column":5}},"2":{"start":{"line":28,"column":4},"end":{"line":28,"column":14}},"3":{"start":{"line":33,"column":4},"end":{"line":60,"column":9}},"4":{"start":{"line":35,"column":8},"end":{"line":35,"column":19}},"5":{"start":{"line":37,"column":8},"end":{"line":49,"column":13}},"6":{"start":{"line":38,"column":12},"end":{"line":48,"column":13}},"7":{"start":{"line":39,"column":16},"end":{"line":42,"column":30}},"8":{"start":{"line":44,"column":16},"end":{"line":47,"column":27}},"9":{"start":{"line":51,"column":8},"end":{"line":53,"column":21}},"10":{"start":{"line":55,"column":8},"end":{"line":57,"column":45}},"11":{"start":{"line":59,"column":8},"end":{"line":59,"column":35}},"12":{"start":{"line":61,"column":4},"end":{"line":325,"column":5}},"13":{"start":{"line":69,"column":8},"end":{"line":121,"column":10},"skip":true},"14":{"start":{"line":70,"column":12},"end":{"line":88,"column":13},"skip":true},"15":{"start":{"line":76,"column":16},"end":{"line":87,"column":19},"skip":true},"16":{"start":{"line":79,"column":20},"end":{"line":86,"column":21},"skip":true},"17":{"start":{"line":82,"column":24},"end":{"line":82,"column":43},"skip":true},"18":{"start":{"line":83,"column":24},"end":{"line":83,"column":30},"skip":true},"19":{"start":{"line":85,"column":24},"end":{"line":85,"column":49},"skip":true},"20":{"start":{"line":89,"column":12},"end":{"line":107,"column":13},"skip":true},"21":{"start":{"line":92,"column":16},"end":{"line":102,"column":17},"skip":true},"22":{"start":{"line":93,"column":20},"end":{"line":93,"column":86},"skip":true},"23":{"start":{"line":94,"column":20},"end":{"line":95,"column":45},"skip":true},"24":{"start":{"line":96,"column":20},"end":{"line":96,"column":42},"skip":true},"25":{"start":{"line":97,"column":20},"end":{"line":97,"column":48},"skip":true},"26":{"start":{"line":100,"column":20},"end":{"line":100,"column":85},"skip":true},"27":{"start":{"line":101,"column":20},"end":{"line":101,"column":96},"skip":true},"28":{"start":{"line":103,"column":16},"end":{"line":103,"column":22},"skip":true},"29":{"start":{"line":106,"column":16},"end":{"line":106,"column":22},"skip":true},"30":{"start":{"line":108,"column":12},"end":{"line":120,"column":13},"skip":true},"31":{"start":{"line":114,"column":16},"end":{"line":119,"column":17},"skip":true},"32":{"start":{"line":116,"column":20},"end":{"line":116,"column":78},"skip":true},"33":{"start":{"line":118,"column":20},"end":{"line":118,"column":47},"skip":true},"34":{"start":{"line":123,"column":8},"end":{"line":141,"column":11},"skip":true},"35":{"start":{"line":124,"column":12},"end":{"line":124,"column":54},"skip":true},"36":{"start":{"line":125,"column":12},"end":{"line":140,"column":14},"skip":true},"37":{"start":{"line":126,"column":16},"end":{"line":126,"column":28},"skip":true},"38":{"start":{"line":127,"column":16},"end":{"line":127,"column":69},"skip":true},"39":{"start":{"line":128,"column":16},"end":{"line":128,"column":75},"skip":true},"40":{"start":{"line":129,"column":16},"end":{"line":131,"column":17},"skip":true},"41":{"start":{"line":130,"column":20},"end":{"line":130,"column":27},"skip":true},"42":{"start":{"line":133,"column":16},"end":{"line":137,"column":36},"skip":true},"43":{"start":{"line":134,"column":20},"end":{"line":136,"column":55},"skip":true},"44":{"start":{"line":139,"column":16},"end":{"line":139,"column":57},"skip":true},"45":{"start":{"line":143,"column":8},"end":{"line":147,"column":11},"skip":true},"46":{"start":{"line":144,"column":12},"end":{"line":146,"column":15},"skip":true},"47":{"start":{"line":145,"column":16},"end":{"line":145,"column":70},"skip":true},"48":{"start":{"line":149,"column":8},"end":{"line":149,"column":31},"skip":true},"49":{"start":{"line":150,"column":8},"end":{"line":150,"column":14},"skip":true},"50":{"start":{"line":158,"column":8},"end":{"line":158,"column":31},"skip":true},"51":{"start":{"line":160,"column":8},"end":{"line":160,"column":33},"skip":true},"52":{"start":{"line":161,"column":8},"end":{"line":161,"column":37},"skip":true},"53":{"start":{"line":162,"column":8},"end":{"line":162,"column":35},"skip":true},"54":{"start":{"line":164,"column":8},"end":{"line":164,"column":50},"skip":true},"55":{"start":{"line":166,"column":8},"end":{"line":256,"column":2},"skip":true},"56":{"start":{"line":258,"column":8},"end":{"line":286,"column":9},"skip":true},"57":{"start":{"line":259,"column":12},"end":{"line":269,"column":14},"skip":true},"58":{"start":{"line":271,"column":12},"end":{"line":285,"column":19},"skip":true},"59":{"start":{"line":274,"column":20},"end":{"line":274,"column":35},"skip":true},"60":{"start":{"line":275,"column":20},"end":{"line":284,"column":21},"skip":true},"61":{"start":{"line":277,"column":24},"end":{"line":277,"column":64},"skip":true},"62":{"start":{"line":279,"column":24},"end":{"line":279,"column":40},"skip":true},"63":{"start":{"line":281,"column":24},"end":{"line":281,"column":40},"skip":true},"64":{"start":{"line":283,"column":24},"end":{"line":283,"column":39},"skip":true},"65":{"start":{"line":288,"column":8},"end":{"line":290,"column":9},"skip":true},"66":{"start":{"line":289,"column":12},"end":{"line":289,"column":18},"skip":true},"67":{"start":{"line":291,"column":8},"end":{"line":293,"column":54},"skip":true},"68":{"start":{"line":296,"column":8},"end":{"line":301,"column":37},"skip":true},"69":{"start":{"line":303,"column":8},"end":{"line":303,"column":82},"skip":true},"70":{"start":{"line":306,"column":8},"end":{"line":308,"column":9},"skip":true},"71":{"start":{"line":307,"column":12},"end":{"line":307,"column":82},"skip":true},"72":{"start":{"line":310,"column":8},"end":{"line":312,"column":9},"skip":true},"73":{"start":{"line":311,"column":12},"end":{"line":311,"column":18},"skip":true},"74":{"start":{"line":313,"column":8},"end":{"line":313,"column":54},"skip":true},"75":{"start":{"line":314,"column":8},"end":{"line":314,"column":69},"skip":true},"76":{"start":{"line":315,"column":8},"end":{"line":323,"column":36},"skip":true},"77":{"start":{"line":316,"column":12},"end":{"line":316,"column":61},"skip":true},"78":{"start":{"line":317,"column":12},"end":{"line":320,"column":13},"skip":true},"79":{"start":{"line":318,"column":16},"end":{"line":318,"column":75},"skip":true},"80":{"start":{"line":319,"column":16},"end":{"line":319,"column":23},"skip":true},"81":{"start":{"line":321,"column":12},"end":{"line":321,"column":38},"skip":true},"82":{"start":{"line":322,"column":12},"end":{"line":322,"column":27},"skip":true},"83":{"start":{"line":324,"column":8},"end":{"line":324,"column":14},"skip":true}},"branchMap":{"1":{"line":39,"type":"binary-expr","locations":[{"start":{"line":39,"column":23},"end":{"line":39,"column":62}},{"start":{"line":40,"column":20},"end":{"line":40,"column":70}},{"start":{"line":41,"column":20},"end":{"line":41,"column":71}},{"start":{"line":42,"column":20},"end":{"line":42,"column":29}}]},"2":{"line":44,"type":"binary-expr","locations":[{"start":{"line":44,"column":23},"end":{"line":44,"column":37}},{"start":{"line":45,"column":20},"end":{"line":45,"column":61}},{"start":{"line":46,"column":20},"end":{"line":46,"column":70}},{"start":{"line":47,"column":20},"end":{"line":47,"column":26}}]},"3":{"line":51,"type":"cond-expr","locations":[{"start":{"line":52,"column":14},"end":{"line":52,"column":20}},{"start":{"line":53,"column":14},"end":{"line":53,"column":20}}]},"4":{"line":55,"type":"binary-expr","locations":[{"start":{"line":55,"column":16},"end":{"line":55,"column":44}},{"start":{"line":55,"column":49},"end":{"line":57,"column":43}}]},"5":{"line":55,"type":"cond-expr","locations":[{"start":{"line":56,"column":14},"end":{"line":56,"column":50}},{"start":{"line":57,"column":14},"end":{"line":57,"column":43}}]},"6":{"line":61,"type":"switch","locations":[{"start":{"line":68,"column":4},"end":{"line":150,"column":14},"skip":true},{"start":{"line":156,"column":4},"end":{"line":324,"column":14},"skip":true}]},"7":{"line":70,"type":"if","locations":[{"start":{"line":70,"column":12},"end":{"line":70,"column":12},"skip":true},{"start":{"line":70,"column":12},"end":{"line":70,"column":12},"skip":true}]},"8":{"line":70,"type":"binary-expr","locations":[{"start":{"line":70,"column":16},"end":{"line":70,"column":22},"skip":true},{"start":{"line":70,"column":27},"end":{"line":70,"column":32},"skip":true},{"start":{"line":71,"column":20},"end":{"line":71,"column":39},"skip":true},{"start":{"line":72,"column":20},"end":{"line":72,"column":49},"skip":true},{"start":{"line":73,"column":20},"end":{"line":73,"column":58},"skip":true},{"start":{"line":74,"column":20},"end":{"line":74,"column":69},"skip":true}]},"9":{"line":79,"type":"switch","locations":[{"start":{"line":80,"column":20},"end":{"line":80,"column":33},"skip":true},{"start":{"line":81,"column":20},"end":{"line":83,"column":30},"skip":true},{"start":{"line":84,"column":20},"end":{"line":85,"column":49},"skip":true}]},"10":{"line":89,"type":"switch","locations":[{"start":{"line":90,"column":12},"end":{"line":103,"column":22},"skip":true},{"start":{"line":105,"column":12},"end":{"line":106,"column":22},"skip":true}]},"11":{"line":89,"type":"binary-expr","locations":[{"start":{"line":89,"column":20},"end":{"line":89,"column":25},"skip":true},{"start":{"line":89,"column":29},"end":{"line":89,"column":48},"skip":true},{"start":{"line":89,"column":52},"end":{"line":89,"column":74},"skip":true}]},"12":{"line":92,"type":"if","locations":[{"start":{"line":92,"column":16},"end":{"line":92,"column":16},"skip":true},{"start":{"line":92,"column":16},"end":{"line":92,"column":16},"skip":true}]},"13":{"line":108,"type":"if","locations":[{"start":{"line":108,"column":12},"end":{"line":108,"column":12},"skip":true},{"start":{"line":108,"column":12},"end":{"line":108,"column":12},"skip":true}]},"14":{"line":108,"type":"binary-expr","locations":[{"start":{"line":108,"column":16},"end":{"line":108,"column":61},"skip":true},{"start":{"line":108,"column":66},"end":{"line":108,"column":72},"skip":true},{"start":{"line":108,"column":77},"end":{"line":108,"column":82},"skip":true},{"start":{"line":109,"column":20},"end":{"line":109,"column":39},"skip":true},{"start":{"line":110,"column":20},"end":{"line":110,"column":49},"skip":true},{"start":{"line":111,"column":20},"end":{"line":111,"column":58},"skip":true},{"start":{"line":112,"column":20},"end":{"line":112,"column":68},"skip":true}]},"15":{"line":129,"type":"if","locations":[{"start":{"line":129,"column":16},"end":{"line":129,"column":16},"skip":true},{"start":{"line":129,"column":16},"end":{"line":129,"column":16},"skip":true}]},"16":{"line":134,"type":"cond-expr","locations":[{"start":{"line":135,"column":26},"end":{"line":135,"column":29},"skip":true},{"start":{"line":136,"column":26},"end":{"line":136,"column":54},"skip":true}]},"17":{"line":164,"type":"binary-expr","locations":[{"start":{"line":164,"column":27},"end":{"line":164,"column":43},"skip":true},{"start":{"line":164,"column":47},"end":{"line":164,"column":49},"skip":true}]},"18":{"line":258,"type":"if","locations":[{"start":{"line":258,"column":8},"end":{"line":258,"column":8},"skip":true},{"start":{"line":258,"column":8},"end":{"line":258,"column":8},"skip":true}]},"19":{"line":275,"type":"switch","locations":[{"start":{"line":276,"column":20},"end":{"line":277,"column":64},"skip":true},{"start":{"line":278,"column":20},"end":{"line":279,"column":40},"skip":true},{"start":{"line":280,"column":20},"end":{"line":281,"column":40},"skip":true},{"start":{"line":282,"column":20},"end":{"line":283,"column":39},"skip":true}]},"20":{"line":288,"type":"if","locations":[{"start":{"line":288,"column":8},"end":{"line":288,"column":8},"skip":true},{"start":{"line":288,"column":8},"end":{"line":288,"column":8},"skip":true}]},"21":{"line":288,"type":"binary-expr","locations":[{"start":{"line":288,"column":12},"end":{"line":288,"column":40},"skip":true},{"start":{"line":288,"column":44},"end":{"line":288,"column":67},"skip":true}]},"22":{"line":292,"type":"binary-expr","locations":[{"start":{"line":292,"column":12},"end":{"line":292,"column":50},"skip":true},{"start":{"line":293,"column":12},"end":{"line":293,"column":53},"skip":true}]},"23":{"line":297,"type":"binary-expr","locations":[{"start":{"line":297,"column":12},"end":{"line":297,"column":64},"skip":true},{"start":{"line":298,"column":12},"end":{"line":301,"column":36},"skip":true}]},"24":{"line":303,"type":"binary-expr","locations":[{"start":{"line":303,"column":43},"end":{"line":303,"column":75},"skip":true},{"start":{"line":303,"column":79},"end":{"line":303,"column":81},"skip":true}]},"25":{"line":306,"type":"if","locations":[{"start":{"line":306,"column":8},"end":{"line":306,"column":8},"skip":true},{"start":{"line":306,"column":8},"end":{"line":306,"column":8},"skip":true}]},"26":{"line":310,"type":"if","locations":[{"start":{"line":310,"column":8},"end":{"line":310,"column":8},"skip":true},{"start":{"line":310,"column":8},"end":{"line":310,"column":8},"skip":true}]},"27":{"line":313,"type":"binary-expr","locations":[{"start":{"line":313,"column":27},"end":{"line":313,"column":43},"skip":true},{"start":{"line":313,"column":47},"end":{"line":313,"column":53},"skip":true}]},"28":{"line":317,"type":"if","locations":[{"start":{"line":317,"column":12},"end":{"line":317,"column":12},"skip":true},{"start":{"line":317,"column":12},"end":{"line":317,"column":12},"skip":true}]}},"code":["/*","example.js","","quickstart example","","instruction","    1. save this script as example.js","    2. run the shell command:","        $ npm install npmtest-influx && PORT=8081 node example.js","    3. play with the browser-demo on http://127.0.0.1:8081","*/","","","","/* istanbul instrument in package npmtest_influx */","/*jslint","    bitwise: true,","    browser: true,","    maxerr: 8,","    maxlen: 96,","    node: true,","    nomen: true,","    regexp: true,","    stupid: true","*/","(function () {","    'use strict';","    var local;","","","","    // run shared js-env code - pre-init","    (function () {","        // init local","        local = {};","        // init modeJs","        local.modeJs = (function () {","            try {","                return typeof navigator.userAgent === 'string' &&","                    typeof document.querySelector('body') === 'object' &&","                    typeof XMLHttpRequest.prototype.open === 'function' &&","                    'browser';","            } catch (errorCaughtBrowser) {","                return module.exports &&","                    typeof process.versions.node === 'string' &&","                    typeof require('http').createServer === 'function' &&","                    'node';","            }","        }());","        // init global","        local.global = local.modeJs === 'browser'","            ? window","            : global;","        // init utility2_rollup","        local = local.global.utility2_rollup || (local.modeJs === 'browser'","            ? local.global.utility2_npmtest_influx","            : global.utility2_moduleExports);","        // export local","        local.global.local = local;","    }());","    switch (local.modeJs) {","","","","    // post-init","    // run browser js-env code - post-init","    /* istanbul ignore next */","    case 'browser':","        local.testRunBrowser = function (event) {","            if (!event || (event &&","                    event.currentTarget &&","                    event.currentTarget.className &&","                    event.currentTarget.className.includes &&","                    event.currentTarget.className.includes('onreset'))) {","                // reset output","                Array.from(","                    document.querySelectorAll('body > .resettable')","                ).forEach(function (element) {","                    switch (element.tagName) {","                    case 'INPUT':","                    case 'TEXTAREA':","                        element.value = '';","                        break;","                    default:","                        element.textContent = '';","                    }","                });","            }","            switch (event && event.currentTarget && event.currentTarget.id) {","            case 'testRunButton1':","                // show tests","                if (document.querySelector('#testReportDiv1').style.display === 'none') {","                    document.querySelector('#testReportDiv1').style.display = 'block';","                    document.querySelector('#testRunButton1').textContent =","                        'hide internal test';","                    local.modeTest = true;","                    local.testRunDefault(local);","                // hide tests","                } else {","                    document.querySelector('#testReportDiv1').style.display = 'none';","                    document.querySelector('#testRunButton1').textContent = 'run internal test';","                }","                break;","            // custom-case","            default:","                break;","            }","            if (document.querySelector('#inputTextareaEval1') && (!event || (event &&","                    event.currentTarget &&","                    event.currentTarget.className &&","                    event.currentTarget.className.includes &&","                    event.currentTarget.className.includes('oneval')))) {","                // try to eval input-code","                try {","                    /*jslint evil: true*/","                    eval(document.querySelector('#inputTextareaEval1').value);","                } catch (errorCaught) {","                    console.error(errorCaught);","                }","            }","        };","        // log stderr and stdout to #outputTextareaStdout1","        ['error', 'log'].forEach(function (key) {","            console[key + '_original'] = console[key];","            console[key] = function () {","                var element;","                console[key + '_original'].apply(console, arguments);","                element = document.querySelector('#outputTextareaStdout1');","                if (!element) {","                    return;","                }","                // append text to #outputTextareaStdout1","                element.value += Array.from(arguments).map(function (arg) {","                    return typeof arg === 'string'","                        ? arg","                        : JSON.stringify(arg, null, 4);","                }).join(' ') + '\\n';","                // scroll textarea to bottom","                element.scrollTop = element.scrollHeight;","            };","        });","        // init event-handling","        ['change', 'click', 'keyup'].forEach(function (event) {","            Array.from(document.querySelectorAll('.on' + event)).forEach(function (element) {","                element.addEventListener(event, local.testRunBrowser);","            });","        });","        // run tests","        local.testRunBrowser();","        break;","","","","    // run node js-env code - post-init","    /* istanbul ignore next */","    case 'node':","        // export local","        module.exports = local;","        // require modules","        local.fs = require('fs');","        local.http = require('http');","        local.url = require('url');","        // init assets","        local.assetsDict = local.assetsDict || {};","        /* jslint-ignore-begin */","        local.assetsDict['/assets.index.template.html'] = '\\","<!doctype html>\\n\\","<html lang=\"en\">\\n\\","<head>\\n\\","<meta charset=\"UTF-8\">\\n\\","<meta name=\"viewport\" content=\"width=device-width, initial-scale=1\">\\n\\","<title>{{env.npm_package_name}} (v{{env.npm_package_version}})</title>\\n\\","<style>\\n\\","/*csslint\\n\\","    box-sizing: false,\\n\\","    universal-selector: false\\n\\","*/\\n\\","* {\\n\\","    box-sizing: border-box;\\n\\","}\\n\\","body {\\n\\","    background: #dde;\\n\\","    font-family: Arial, Helvetica, sans-serif;\\n\\","    margin: 2rem;\\n\\","}\\n\\","body > * {\\n\\","    margin-bottom: 1rem;\\n\\","}\\n\\",".utility2FooterDiv {\\n\\","    margin-top: 20px;\\n\\","    text-align: center;\\n\\","}\\n\\","</style>\\n\\","<style>\\n\\","/*csslint\\n\\","*/\\n\\","textarea {\\n\\","    font-family: monospace;\\n\\","    height: 10rem;\\n\\","    width: 100%;\\n\\","}\\n\\","textarea[readonly] {\\n\\","    background: #ddd;\\n\\","}\\n\\","</style>\\n\\","</head>\\n\\","<body>\\n\\","<!-- utility2-comment\\n\\","<div id=\"ajaxProgressDiv1\" style=\"background: #d00; height: 2px; left: 0; margin: 0; padding: 0; position: fixed; top: 0; transition: background 0.5s, width 1.5s; width: 25%;\"></div>\\n\\","utility2-comment -->\\n\\","<h1>\\n\\","<!-- utility2-comment\\n\\","    <a\\n\\","        {{#if env.npm_package_homepage}}\\n\\","        href=\"{{env.npm_package_homepage}}\"\\n\\","        {{/if env.npm_package_homepage}}\\n\\","        target=\"_blank\"\\n\\","    >\\n\\","utility2-comment -->\\n\\","        {{env.npm_package_name}} (v{{env.npm_package_version}})\\n\\","<!-- utility2-comment\\n\\","    </a>\\n\\","utility2-comment -->\\n\\","</h1>\\n\\","<h3>{{env.npm_package_description}}</h3>\\n\\","<!-- utility2-comment\\n\\","<h4><a download href=\"assets.app.js\">download standalone app</a></h4>\\n\\","<button class=\"onclick onreset\" id=\"testRunButton1\">run internal test</button><br>\\n\\","<div id=\"testReportDiv1\" style=\"display: none;\"></div>\\n\\","utility2-comment -->\\n\\","\\n\\","\\n\\","\\n\\","<label>stderr and stdout</label>\\n\\","<textarea class=\"resettable\" id=\"outputTextareaStdout1\" readonly></textarea>\\n\\","<!-- utility2-comment\\n\\","{{#if isRollup}}\\n\\","<script src=\"assets.app.js\"></script>\\n\\","{{#unless isRollup}}\\n\\","utility2-comment -->\\n\\","<script src=\"assets.utility2.rollup.js\"></script>\\n\\","<script src=\"jsonp.utility2._stateInit?callback=window.utility2._stateInit\"></script>\\n\\","<script src=\"assets.npmtest_influx.rollup.js\"></script>\\n\\","<script src=\"assets.example.js\"></script>\\n\\","<script src=\"assets.test.js\"></script>\\n\\","<!-- utility2-comment\\n\\","{{/if isRollup}}\\n\\","utility2-comment -->\\n\\","<div class=\"utility2FooterDiv\">\\n\\","    [ this app was created with\\n\\","    <a href=\"https://github.com/kaizhu256/node-utility2\" target=\"_blank\">utility2</a>\\n\\","    ]\\n\\","</div>\\n\\","</body>\\n\\","</html>\\n\\","';","        /* jslint-ignore-end */","        if (local.templateRender) {","            local.assetsDict['/'] = local.templateRender(","                local.assetsDict['/assets.index.template.html'],","                {","                    env: local.objectSetDefault(local.env, {","                        npm_package_description: 'the greatest app in the world!',","                        npm_package_name: 'my-app',","                        npm_package_nameAlias: 'my_app',","                        npm_package_version: '0.0.1'","                    })","                }","            );","        } else {","            local.assetsDict['/'] = local.assetsDict['/assets.index.template.html']","                .replace((/\\{\\{env\\.(\\w+?)\\}\\}/g), function (match0, match1) {","                    // jslint-hack","                    String(match0);","                    switch (match1) {","                    case 'npm_package_description':","                        return 'the greatest app in the world!';","                    case 'npm_package_name':","                        return 'my-app';","                    case 'npm_package_nameAlias':","                        return 'my_app';","                    case 'npm_package_version':","                        return '0.0.1';","                    }","                });","        }","        // run the cli","        if (local.global.utility2_rollup || module !== require.main) {","            break;","        }","        local.assetsDict['/assets.example.js'] =","            local.assetsDict['/assets.example.js'] ||","            local.fs.readFileSync(__filename, 'utf8');","        // bug-workaround - long $npm_package_buildCustomOrg","        /* jslint-ignore-begin */","        local.assetsDict['/assets.npmtest_influx.rollup.js'] =","            local.assetsDict['/assets.npmtest_influx.rollup.js'] ||","            local.fs.readFileSync(","                local.npmtest_influx.__dirname + '/lib.npmtest_influx.js',","                'utf8'","            ).replace((/^#!/), '//');","        /* jslint-ignore-end */","        local.assetsDict['/favicon.ico'] = local.assetsDict['/favicon.ico'] || '';","        // if $npm_config_timeout_exit exists,","        // then exit this process after $npm_config_timeout_exit ms","        if (Number(process.env.npm_config_timeout_exit)) {","            setTimeout(process.exit, Number(process.env.npm_config_timeout_exit));","        }","        // start server","        if (local.global.utility2_serverHttp1) {","            break;","        }","        process.env.PORT = process.env.PORT || '8081';","        console.error('server starting on port ' + process.env.PORT);","        local.http.createServer(function (request, response) {","            request.urlParsed = local.url.parse(request.url);","            if (local.assetsDict[request.urlParsed.pathname] !== undefined) {","                response.end(local.assetsDict[request.urlParsed.pathname]);","                return;","            }","            response.statusCode = 404;","            response.end();","        }).listen(process.env.PORT);","        break;","    }","}());",""],"l":{"26":2,"28":2,"33":2,"35":2,"37":2,"38":2,"39":2,"44":1,"51":2,"55":2,"59":2,"61":2,"69":1,"70":2,"76":2,"79":2,"82":2,"83":2,"85":1,"89":2,"92":1,"93":1,"94":1,"96":1,"97":1,"100":1,"101":1,"103":1,"106":1,"108":2,"114":1,"116":1,"118":1,"123":1,"124":2,"125":2,"126":3,"127":3,"128":3,"129":3,"130":1,"133":3,"134":3,"139":3,"143":1,"144":3,"145":1,"149":1,"150":1,"158":1,"160":1,"161":1,"162":1,"164":1,"166":1,"258":1,"259":1,"271":1,"274":6,"275":6,"277":1,"279":2,"281":1,"283":2,"288":1,"289":1,"291":1,"296":1,"303":1,"306":1,"307":1,"310":1,"311":1,"313":1,"314":1,"315":1,"316":1,"317":1,"318":1,"319":1,"321":1,"322":1,"324":1}},"/home/travis/build/npmtest/node-npmtest-influx/node_modules/influx/lib/src/index.js":{"path":"/home/travis/build/npmtest/node-npmtest-influx/node_modules/influx/lib/src/index.js","s":{"1":1,"2":1,"3":4,"4":4,"5":1,"6":1,"7":1,"8":1,"9":1,"10":1,"11":1,"12":1,"13":1,"14":1,"15":1,"16":1,"17":1,"18":1,"19":1,"20":1,"21":1,"22":1,"23":1,"24":0,"25":0,"26":0,"27":0,"28":0,"29":0,"30":0,"31":0,"32":1,"33":0,"34":0,"35":0,"36":0,"37":0,"38":0,"39":0,"40":0,"41":1,"42":1,"43":0,"44":0,"45":0,"46":0,"47":0,"48":0,"49":0,"50":0,"51":0,"52":0,"53":0,"54":0,"55":0,"56":0,"57":0,"58":0,"59":0,"60":0,"61":0,"62":0,"63":0,"64":0,"65":1,"66":0,"67":1,"68":0,"69":1,"70":0,"71":0,"72":0,"73":1,"74":0,"75":0,"76":0,"77":0,"78":0,"79":1,"80":0,"81":0,"82":0,"83":0,"84":0,"85":0,"86":0,"87":0,"88":0,"89":1,"90":0,"91":0,"92":0,"93":1,"94":0,"95":0,"96":0,"97":0,"98":0,"99":0,"100":0,"101":1,"102":0,"103":1,"104":0,"105":0,"106":0,"107":1,"108":0,"109":1,"110":0,"111":0,"112":0,"113":1,"114":0,"115":0,"116":0,"117":1,"118":0,"119":1,"120":0,"121":1,"122":0,"123":1,"124":0,"125":0,"126":0,"127":1,"128":0,"129":0,"130":0,"131":1,"132":0,"133":0,"134":0,"135":1,"136":0,"137":0,"138":1,"139":0,"140":0,"141":1,"142":0,"143":0,"144":0,"145":1,"146":0,"147":0,"148":0,"149":1,"150":0,"151":0,"152":0,"153":0,"154":0,"155":0,"156":0,"157":0,"158":0,"159":0,"160":0,"161":0,"162":0,"163":0,"164":0,"165":0,"166":0,"167":0,"168":1,"169":0,"170":0,"171":0,"172":0,"173":0,"174":1,"175":0,"176":0,"177":0,"178":0,"179":0,"180":0,"181":0,"182":0,"183":0,"184":1,"185":0,"186":0,"187":0,"188":0,"189":0,"190":0,"191":1,"192":0,"193":1,"194":0,"195":0,"196":0,"197":1,"198":0,"199":0,"200":0,"201":1,"202":1},"b":{"1":[4,0],"2":[0,0],"3":[0,0],"4":[0,0],"5":[0,0],"6":[0,0],"7":[0,0],"8":[0,0],"9":[0,0],"10":[0,0],"11":[0,0],"12":[0,0],"13":[0,0],"14":[0,0],"15":[0,0],"16":[0,0],"17":[0,0],"18":[0,0],"19":[0,0],"20":[0,0],"21":[0,0],"22":[0,0],"23":[0,0],"24":[0,0],"25":[0,0],"26":[0,0],"27":[0,0],"28":[0,0],"29":[0,0],"30":[0,0],"31":[0,0],"32":[0,0],"33":[0,0],"34":[0,0],"35":[0,0],"36":[0,0],"37":[0,0],"38":[0,0],"39":[0,0],"40":[0,0],"41":[0,0],"42":[0,0],"43":[0,0],"44":[0,0],"45":[0,0],"46":[0,0],"47":[0,0],"48":[0,0],"49":[0,0],"50":[0,0],"51":[0,0]},"f":{"1":1,"2":0,"3":0,"4":0,"5":0,"6":1,"7":0,"8":0,"9":0,"10":0,"11":0,"12":0,"13":0,"14":0,"15":0,"16":0,"17":0,"18":0,"19":0,"20":0,"21":0,"22":0,"23":0,"24":0,"25":0,"26":0,"27":0,"28":0,"29":0,"30":0,"31":0,"32":0,"33":0,"34":0,"35":0,"36":0,"37":0,"38":0,"39":0,"40":0,"41":0,"42":0,"43":0,"44":0,"45":0,"46":0,"47":0,"48":0},"fnMap":{"1":{"name":"__export","line":2,"loc":{"start":{"line":2,"column":0},"end":{"line":2,"column":21}}},"2":{"name":"parseOptionsUrl","line":36,"loc":{"start":{"line":36,"column":0},"end":{"line":36,"column":31}}},"3":{"name":"defaults","line":56,"loc":{"start":{"line":56,"column":0},"end":{"line":56,"column":26}}},"4":{"name":"(anonymous_4)","line":61,"loc":{"start":{"line":61,"column":17},"end":{"line":61,"column":32}}},"5":{"name":"(anonymous_5)","line":62,"loc":{"start":{"line":62,"column":33},"end":{"line":62,"column":48}}},"6":{"name":"(anonymous_6)","line":114,"loc":{"start":{"line":114,"column":16},"end":{"line":114,"column":28}}},"7":{"name":"InfluxDB","line":180,"loc":{"start":{"line":180,"column":4},"end":{"line":180,"column":31}}},"8":{"name":"(anonymous_8)","line":205,"loc":{"start":{"line":205,"column":44},"end":{"line":205,"column":60}}},"9":{"name":"(anonymous_9)","line":215,"loc":{"start":{"line":215,"column":31},"end":{"line":215,"column":47}}},"10":{"name":"(anonymous_10)","line":218,"loc":{"start":{"line":218,"column":36},"end":{"line":218,"column":54}}},"11":{"name":"(anonymous_11)","line":237,"loc":{"start":{"line":237,"column":40},"end":{"line":237,"column":64}}},"12":{"name":"(anonymous_12)","line":249,"loc":{"start":{"line":249,"column":38},"end":{"line":249,"column":62}}},"13":{"name":"(anonymous_13)","line":261,"loc":{"start":{"line":261,"column":42},"end":{"line":261,"column":54}}},"14":{"name":"(anonymous_14)","line":263,"loc":{"start":{"line":263,"column":18},"end":{"line":263,"column":33}}},"15":{"name":"(anonymous_15)","line":263,"loc":{"start":{"line":263,"column":73},"end":{"line":263,"column":86}}},"16":{"name":"(anonymous_16)","line":274,"loc":{"start":{"line":274,"column":41},"end":{"line":274,"column":61}}},"17":{"name":"(anonymous_17)","line":279,"loc":{"start":{"line":279,"column":17},"end":{"line":279,"column":32}}},"18":{"name":"(anonymous_18)","line":279,"loc":{"start":{"line":279,"column":72},"end":{"line":279,"column":85}}},"19":{"name":"(anonymous_19)","line":302,"loc":{"start":{"line":302,"column":35},"end":{"line":302,"column":54}}},"20":{"name":"(anonymous_20)","line":312,"loc":{"start":{"line":312,"column":17},"end":{"line":312,"column":32}}},"21":{"name":"(anonymous_21)","line":312,"loc":{"start":{"line":312,"column":72},"end":{"line":312,"column":85}}},"22":{"name":"(anonymous_22)","line":323,"loc":{"start":{"line":323,"column":41},"end":{"line":323,"column":74}}},"23":{"name":"(anonymous_23)","line":354,"loc":{"start":{"line":354,"column":36},"end":{"line":354,"column":55}}},"24":{"name":"(anonymous_24)","line":379,"loc":{"start":{"line":379,"column":34},"end":{"line":379,"column":46}}},"25":{"name":"(anonymous_25)","line":395,"loc":{"start":{"line":395,"column":36},"end":{"line":395,"column":73}}},"26":{"name":"(anonymous_26)","line":411,"loc":{"start":{"line":411,"column":37},"end":{"line":411,"column":67}}},"27":{"name":"(anonymous_27)","line":426,"loc":{"start":{"line":426,"column":40},"end":{"line":426,"column":81}}},"28":{"name":"(anonymous_28)","line":442,"loc":{"start":{"line":442,"column":41},"end":{"line":442,"column":82}}},"29":{"name":"(anonymous_29)","line":456,"loc":{"start":{"line":456,"column":45},"end":{"line":456,"column":65}}},"30":{"name":"(anonymous_30)","line":468,"loc":{"start":{"line":468,"column":46},"end":{"line":468,"column":66}}},"31":{"name":"(anonymous_31)","line":480,"loc":{"start":{"line":480,"column":34},"end":{"line":480,"column":54}}},"32":{"name":"(anonymous_32)","line":497,"loc":{"start":{"line":497,"column":47},"end":{"line":497,"column":80}}},"33":{"name":"(anonymous_33)","line":511,"loc":{"start":{"line":511,"column":46},"end":{"line":511,"column":66}}},"34":{"name":"(anonymous_34)","line":526,"loc":{"start":{"line":526,"column":45},"end":{"line":526,"column":71}}},"35":{"name":"(anonymous_35)","line":556,"loc":{"start":{"line":556,"column":47},"end":{"line":556,"column":72}}},"36":{"name":"(anonymous_36)","line":585,"loc":{"start":{"line":585,"column":46},"end":{"line":585,"column":71}}},"37":{"name":"(anonymous_37)","line":604,"loc":{"start":{"line":604,"column":45},"end":{"line":604,"column":71}}},"38":{"name":"(anonymous_38)","line":643,"loc":{"start":{"line":643,"column":47},"end":{"line":643,"column":67}}},"39":{"name":"(anonymous_39)","line":709,"loc":{"start":{"line":709,"column":37},"end":{"line":709,"column":64}}},"40":{"name":"(anonymous_40)","line":714,"loc":{"start":{"line":714,"column":23},"end":{"line":714,"column":40}}},"41":{"name":"(anonymous_41)","line":765,"loc":{"start":{"line":765,"column":42},"end":{"line":765,"column":82}}},"42":{"name":"(anonymous_42)","line":767,"loc":{"start":{"line":767,"column":28},"end":{"line":767,"column":41}}},"43":{"name":"(anonymous_43)","line":783,"loc":{"start":{"line":783,"column":31},"end":{"line":783,"column":57}}},"44":{"name":"(anonymous_44)","line":795,"loc":{"start":{"line":795,"column":50},"end":{"line":795,"column":65}}},"45":{"name":"(anonymous_45)","line":810,"loc":{"start":{"line":810,"column":34},"end":{"line":810,"column":60}}},"46":{"name":"(anonymous_46)","line":838,"loc":{"start":{"line":838,"column":30},"end":{"line":838,"column":49}}},"47":{"name":"(anonymous_47)","line":846,"loc":{"start":{"line":846,"column":35},"end":{"line":846,"column":47}}},"48":{"name":"(anonymous_48)","line":857,"loc":{"start":{"line":857,"column":38},"end":{"line":857,"column":64}}}},"statementMap":{"1":{"start":{"line":2,"column":0},"end":{"line":4,"column":1}},"2":{"start":{"line":3,"column":4},"end":{"line":3,"column":71}},"3":{"start":{"line":3,"column":21},"end":{"line":3,"column":71}},"4":{"start":{"line":3,"column":53},"end":{"line":3,"column":71}},"5":{"start":{"line":5,"column":0},"end":{"line":5,"column":62}},"6":{"start":{"line":6,"column":0},"end":{"line":6,"column":25}},"7":{"start":{"line":7,"column":0},"end":{"line":7,"column":29}},"8":{"start":{"line":8,"column":0},"end":{"line":8,"column":35}},"9":{"start":{"line":9,"column":0},"end":{"line":9,"column":31}},"10":{"start":{"line":10,"column":0},"end":{"line":10,"column":37}},"11":{"start":{"line":11,"column":0},"end":{"line":11,"column":35}},"12":{"start":{"line":12,"column":0},"end":{"line":16,"column":3}},"13":{"start":{"line":17,"column":0},"end":{"line":23,"column":3}},"14":{"start":{"line":24,"column":0},"end":{"line":24,"column":31}},"15":{"start":{"line":25,"column":0},"end":{"line":25,"column":37}},"16":{"start":{"line":26,"column":0},"end":{"line":26,"column":40}},"17":{"start":{"line":27,"column":0},"end":{"line":27,"column":40}},"18":{"start":{"line":28,"column":0},"end":{"line":28,"column":28}},"19":{"start":{"line":29,"column":0},"end":{"line":29,"column":34}},"20":{"start":{"line":30,"column":0},"end":{"line":30,"column":42}},"21":{"start":{"line":31,"column":0},"end":{"line":31,"column":37}},"22":{"start":{"line":32,"column":0},"end":{"line":32,"column":44}},"23":{"start":{"line":36,"column":0},"end":{"line":51,"column":1}},"24":{"start":{"line":37,"column":4},"end":{"line":37,"column":33}},"25":{"start":{"line":38,"column":4},"end":{"line":42,"column":6}},"26":{"start":{"line":43,"column":4},"end":{"line":45,"column":5}},"27":{"start":{"line":44,"column":8},"end":{"line":44,"column":88}},"28":{"start":{"line":46,"column":4},"end":{"line":48,"column":5}},"29":{"start":{"line":47,"column":8},"end":{"line":47,"column":52}},"30":{"start":{"line":49,"column":4},"end":{"line":49,"column":19}},"31":{"start":{"line":50,"column":4},"end":{"line":50,"column":11}},"32":{"start":{"line":56,"column":0},"end":{"line":69,"column":1}},"33":{"start":{"line":57,"column":4},"end":{"line":57,"column":18}},"34":{"start":{"line":58,"column":4},"end":{"line":60,"column":5}},"35":{"start":{"line":59,"column":8},"end":{"line":59,"column":37}},"36":{"start":{"line":61,"column":4},"end":{"line":67,"column":7}},"37":{"start":{"line":62,"column":8},"end":{"line":66,"column":11}},"38":{"start":{"line":63,"column":12},"end":{"line":65,"column":13}},"39":{"start":{"line":64,"column":16},"end":{"line":64,"column":39}},"40":{"start":{"line":68,"column":4},"end":{"line":68,"column":18}},"41":{"start":{"line":114,"column":0},"end":{"line":869,"column":5}},"42":{"start":{"line":180,"column":4},"end":{"line":229,"column":5}},"43":{"start":{"line":181,"column":8},"end":{"line":181,"column":25}},"44":{"start":{"line":186,"column":8},"end":{"line":186,"column":42}},"45":{"start":{"line":188,"column":8},"end":{"line":193,"column":9}},"46":{"start":{"line":189,"column":12},"end":{"line":189,"column":47}},"47":{"start":{"line":191,"column":13},"end":{"line":193,"column":9}},"48":{"start":{"line":192,"column":12},"end":{"line":192,"column":34}},"49":{"start":{"line":194,"column":8},"end":{"line":203,"column":9}},"50":{"start":{"line":195,"column":12},"end":{"line":202,"column":14}},"51":{"start":{"line":204,"column":8},"end":{"line":204,"column":31}},"52":{"start":{"line":205,"column":8},"end":{"line":212,"column":11}},"53":{"start":{"line":206,"column":12},"end":{"line":211,"column":28}},"54":{"start":{"line":213,"column":8},"end":{"line":213,"column":51}},"55":{"start":{"line":214,"column":8},"end":{"line":214,"column":58}},"56":{"start":{"line":215,"column":8},"end":{"line":217,"column":11}},"57":{"start":{"line":216,"column":12},"end":{"line":216,"column":98}},"58":{"start":{"line":218,"column":8},"end":{"line":228,"column":11}},"59":{"start":{"line":219,"column":12},"end":{"line":219,"column":81}},"60":{"start":{"line":220,"column":12},"end":{"line":223,"column":13}},"61":{"start":{"line":221,"column":16},"end":{"line":222,"column":60}},"62":{"start":{"line":224,"column":12},"end":{"line":226,"column":13}},"63":{"start":{"line":225,"column":16},"end":{"line":225,"column":55}},"64":{"start":{"line":227,"column":12},"end":{"line":227,"column":79}},"65":{"start":{"line":237,"column":4},"end":{"line":241,"column":6}},"66":{"start":{"line":238,"column":8},"end":{"line":240,"column":51}},"67":{"start":{"line":249,"column":4},"end":{"line":253,"column":6}},"68":{"start":{"line":250,"column":8},"end":{"line":252,"column":51}},"69":{"start":{"line":261,"column":4},"end":{"line":264,"column":6}},"70":{"start":{"line":262,"column":8},"end":{"line":263,"column":110}},"71":{"start":{"line":263,"column":35},"end":{"line":263,"column":106}},"72":{"start":{"line":263,"column":88},"end":{"line":263,"column":102}},"73":{"start":{"line":274,"column":4},"end":{"line":280,"column":6}},"74":{"start":{"line":275,"column":8},"end":{"line":275,"column":65}},"75":{"start":{"line":275,"column":35},"end":{"line":275,"column":63}},"76":{"start":{"line":276,"column":8},"end":{"line":279,"column":109}},"77":{"start":{"line":279,"column":34},"end":{"line":279,"column":105}},"78":{"start":{"line":279,"column":87},"end":{"line":279,"column":101}},"79":{"start":{"line":302,"column":4},"end":{"line":313,"column":6}},"80":{"start":{"line":303,"column":8},"end":{"line":303,"column":49}},"81":{"start":{"line":303,"column":34},"end":{"line":303,"column":47}},"82":{"start":{"line":304,"column":8},"end":{"line":304,"column":119}},"83":{"start":{"line":305,"column":8},"end":{"line":305,"column":34}},"84":{"start":{"line":306,"column":8},"end":{"line":308,"column":9}},"85":{"start":{"line":307,"column":12},"end":{"line":307,"column":67}},"86":{"start":{"line":309,"column":8},"end":{"line":312,"column":108}},"87":{"start":{"line":312,"column":34},"end":{"line":312,"column":104}},"88":{"start":{"line":312,"column":87},"end":{"line":312,"column":100}},"89":{"start":{"line":323,"column":4},"end":{"line":329,"column":6}},"90":{"start":{"line":324,"column":8},"end":{"line":324,"column":65}},"91":{"start":{"line":324,"column":35},"end":{"line":324,"column":63}},"92":{"start":{"line":325,"column":8},"end":{"line":328,"column":51}},"93":{"start":{"line":354,"column":4},"end":{"line":364,"column":6}},"94":{"start":{"line":355,"column":8},"end":{"line":355,"column":77}},"95":{"start":{"line":356,"column":8},"end":{"line":356,"column":30}},"96":{"start":{"line":357,"column":8},"end":{"line":359,"column":9}},"97":{"start":{"line":358,"column":12},"end":{"line":358,"column":56}},"98":{"start":{"line":360,"column":8},"end":{"line":362,"column":9}},"99":{"start":{"line":361,"column":12},"end":{"line":361,"column":51}},"100":{"start":{"line":363,"column":8},"end":{"line":363,"column":106}},"101":{"start":{"line":379,"column":4},"end":{"line":381,"column":6}},"102":{"start":{"line":380,"column":8},"end":{"line":380,"column":98}},"103":{"start":{"line":395,"column":4},"end":{"line":402,"column":6}},"104":{"start":{"line":396,"column":8},"end":{"line":396,"column":48}},"105":{"start":{"line":396,"column":32},"end":{"line":396,"column":46}},"106":{"start":{"line":397,"column":8},"end":{"line":401,"column":51}},"107":{"start":{"line":411,"column":4},"end":{"line":416,"column":6}},"108":{"start":{"line":412,"column":8},"end":{"line":415,"column":51}},"109":{"start":{"line":426,"column":4},"end":{"line":432,"column":6}},"110":{"start":{"line":427,"column":8},"end":{"line":427,"column":65}},"111":{"start":{"line":427,"column":35},"end":{"line":427,"column":63}},"112":{"start":{"line":428,"column":8},"end":{"line":431,"column":51}},"113":{"start":{"line":442,"column":4},"end":{"line":448,"column":6}},"114":{"start":{"line":443,"column":8},"end":{"line":443,"column":65}},"115":{"start":{"line":443,"column":35},"end":{"line":443,"column":63}},"116":{"start":{"line":444,"column":8},"end":{"line":447,"column":51}},"117":{"start":{"line":456,"column":4},"end":{"line":460,"column":6}},"118":{"start":{"line":457,"column":8},"end":{"line":459,"column":51}},"119":{"start":{"line":468,"column":4},"end":{"line":472,"column":6}},"120":{"start":{"line":469,"column":8},"end":{"line":471,"column":51}},"121":{"start":{"line":480,"column":4},"end":{"line":484,"column":6}},"122":{"start":{"line":481,"column":8},"end":{"line":483,"column":51}},"123":{"start":{"line":497,"column":4},"end":{"line":503,"column":6}},"124":{"start":{"line":498,"column":8},"end":{"line":498,"column":65}},"125":{"start":{"line":498,"column":35},"end":{"line":498,"column":63}},"126":{"start":{"line":499,"column":8},"end":{"line":502,"column":51}},"127":{"start":{"line":511,"column":4},"end":{"line":517,"column":6}},"128":{"start":{"line":512,"column":8},"end":{"line":512,"column":65}},"129":{"start":{"line":512,"column":35},"end":{"line":512,"column":63}},"130":{"start":{"line":513,"column":8},"end":{"line":516,"column":40}},"131":{"start":{"line":526,"column":4},"end":{"line":532,"column":6}},"132":{"start":{"line":527,"column":8},"end":{"line":527,"column":65}},"133":{"start":{"line":527,"column":35},"end":{"line":527,"column":63}},"134":{"start":{"line":528,"column":8},"end":{"line":531,"column":51}},"135":{"start":{"line":556,"column":4},"end":{"line":562,"column":6}},"136":{"start":{"line":557,"column":8},"end":{"line":560,"column":52}},"137":{"start":{"line":561,"column":8},"end":{"line":561,"column":98}},"138":{"start":{"line":585,"column":4},"end":{"line":591,"column":6}},"139":{"start":{"line":586,"column":8},"end":{"line":589,"column":52}},"140":{"start":{"line":590,"column":8},"end":{"line":590,"column":98}},"141":{"start":{"line":604,"column":4},"end":{"line":610,"column":6}},"142":{"start":{"line":605,"column":8},"end":{"line":605,"column":65}},"143":{"start":{"line":605,"column":35},"end":{"line":605,"column":63}},"144":{"start":{"line":606,"column":8},"end":{"line":609,"column":51}},"145":{"start":{"line":643,"column":4},"end":{"line":648,"column":6}},"146":{"start":{"line":644,"column":8},"end":{"line":644,"column":65}},"147":{"start":{"line":644,"column":35},"end":{"line":644,"column":63}},"148":{"start":{"line":645,"column":8},"end":{"line":647,"column":47}},"149":{"start":{"line":709,"column":4},"end":{"line":748,"column":6}},"150":{"start":{"line":710,"column":8},"end":{"line":710,"column":25}},"151":{"start":{"line":711,"column":8},"end":{"line":711,"column":49}},"152":{"start":{"line":711,"column":34},"end":{"line":711,"column":47}},"153":{"start":{"line":712,"column":8},"end":{"line":712,"column":189}},"154":{"start":{"line":713,"column":8},"end":{"line":713,"column":25}},"155":{"start":{"line":714,"column":8},"end":{"line":735,"column":11}},"156":{"start":{"line":715,"column":12},"end":{"line":715,"column":179}},"157":{"start":{"line":716,"column":12},"end":{"line":716,"column":87}},"158":{"start":{"line":717,"column":12},"end":{"line":717,"column":98}},"159":{"start":{"line":718,"column":12},"end":{"line":718,"column":80}},"160":{"start":{"line":719,"column":12},"end":{"line":719,"column":70}},"161":{"start":{"line":720,"column":12},"end":{"line":725,"column":13}},"162":{"start":{"line":721,"column":16},"end":{"line":724,"column":61}},"163":{"start":{"line":726,"column":12},"end":{"line":731,"column":13}},"164":{"start":{"line":727,"column":16},"end":{"line":730,"column":40}},"165":{"start":{"line":732,"column":12},"end":{"line":734,"column":13}},"166":{"start":{"line":733,"column":16},"end":{"line":733,"column":77}},"167":{"start":{"line":736,"column":8},"end":{"line":747,"column":11}},"168":{"start":{"line":765,"column":4},"end":{"line":769,"column":6}},"169":{"start":{"line":766,"column":8},"end":{"line":766,"column":49}},"170":{"start":{"line":766,"column":34},"end":{"line":766,"column":47}},"171":{"start":{"line":767,"column":8},"end":{"line":767,"column":101}},"172":{"start":{"line":767,"column":43},"end":{"line":767,"column":97}},"173":{"start":{"line":768,"column":8},"end":{"line":768,"column":49}},"174":{"start":{"line":783,"column":4},"end":{"line":796,"column":6}},"175":{"start":{"line":784,"column":8},"end":{"line":784,"column":49}},"176":{"start":{"line":784,"column":34},"end":{"line":784,"column":47}},"177":{"start":{"line":785,"column":8},"end":{"line":787,"column":9}},"178":{"start":{"line":786,"column":12},"end":{"line":786,"column":36}},"179":{"start":{"line":791,"column":8},"end":{"line":794,"column":9}},"180":{"start":{"line":792,"column":12},"end":{"line":792,"column":49}},"181":{"start":{"line":793,"column":12},"end":{"line":793,"column":37}},"182":{"start":{"line":795,"column":8},"end":{"line":795,"column":118}},"183":{"start":{"line":795,"column":67},"end":{"line":795,"column":114}},"184":{"start":{"line":810,"column":4},"end":{"line":822,"column":6}},"185":{"start":{"line":811,"column":8},"end":{"line":811,"column":49}},"186":{"start":{"line":811,"column":34},"end":{"line":811,"column":47}},"187":{"start":{"line":812,"column":8},"end":{"line":812,"column":127}},"188":{"start":{"line":813,"column":8},"end":{"line":815,"column":9}},"189":{"start":{"line":814,"column":12},"end":{"line":814,"column":36}},"190":{"start":{"line":816,"column":8},"end":{"line":821,"column":12}},"191":{"start":{"line":838,"column":4},"end":{"line":840,"column":6}},"192":{"start":{"line":839,"column":8},"end":{"line":839,"column":39}},"193":{"start":{"line":846,"column":4},"end":{"line":852,"column":6}},"194":{"start":{"line":847,"column":8},"end":{"line":850,"column":9}},"195":{"start":{"line":848,"column":12},"end":{"line":849,"column":75}},"196":{"start":{"line":851,"column":8},"end":{"line":851,"column":37}},"197":{"start":{"line":857,"column":4},"end":{"line":867,"column":6}},"198":{"start":{"line":858,"column":8},"end":{"line":858,"column":50}},"199":{"start":{"line":858,"column":33},"end":{"line":858,"column":48}},"200":{"start":{"line":859,"column":8},"end":{"line":866,"column":10}},"201":{"start":{"line":868,"column":4},"end":{"line":868,"column":20}},"202":{"start":{"line":870,"column":0},"end":{"line":870,"column":28}}},"branchMap":{"1":{"line":3,"type":"if","locations":[{"start":{"line":3,"column":21},"end":{"line":3,"column":21}},{"start":{"line":3,"column":21},"end":{"line":3,"column":21}}]},"2":{"line":43,"type":"if","locations":[{"start":{"line":43,"column":4},"end":{"line":43,"column":4}},{"start":{"line":43,"column":4},"end":{"line":43,"column":4}}]},"3":{"line":46,"type":"if","locations":[{"start":{"line":46,"column":4},"end":{"line":46,"column":4}},{"start":{"line":46,"column":4},"end":{"line":46,"column":4}}]},"4":{"line":63,"type":"if","locations":[{"start":{"line":63,"column":12},"end":{"line":63,"column":12}},{"start":{"line":63,"column":12},"end":{"line":63,"column":12}}]},"5":{"line":188,"type":"if","locations":[{"start":{"line":188,"column":8},"end":{"line":188,"column":8}},{"start":{"line":188,"column":8},"end":{"line":188,"column":8}}]},"6":{"line":191,"type":"if","locations":[{"start":{"line":191,"column":13},"end":{"line":191,"column":13}},{"start":{"line":191,"column":13},"end":{"line":191,"column":13}}]},"7":{"line":194,"type":"if","locations":[{"start":{"line":194,"column":8},"end":{"line":194,"column":8}},{"start":{"line":194,"column":8},"end":{"line":194,"column":8}}]},"8":{"line":219,"type":"binary-expr","locations":[{"start":{"line":219,"column":39},"end":{"line":219,"column":54}},{"start":{"line":219,"column":58},"end":{"line":219,"column":80}}]},"9":{"line":220,"type":"if","locations":[{"start":{"line":220,"column":12},"end":{"line":220,"column":12}},{"start":{"line":220,"column":12},"end":{"line":220,"column":12}}]},"10":{"line":224,"type":"if","locations":[{"start":{"line":224,"column":12},"end":{"line":224,"column":12}},{"start":{"line":224,"column":12},"end":{"line":224,"column":12}}]},"11":{"line":275,"type":"if","locations":[{"start":{"line":275,"column":8},"end":{"line":275,"column":8}},{"start":{"line":275,"column":8},"end":{"line":275,"column":8}}]},"12":{"line":303,"type":"if","locations":[{"start":{"line":303,"column":8},"end":{"line":303,"column":8}},{"start":{"line":303,"column":8},"end":{"line":303,"column":8}}]},"13":{"line":304,"type":"cond-expr","locations":[{"start":{"line":304,"column":62},"end":{"line":304,"column":78}},{"start":{"line":304,"column":81},"end":{"line":304,"column":83}}]},"14":{"line":306,"type":"if","locations":[{"start":{"line":306,"column":8},"end":{"line":306,"column":8}},{"start":{"line":306,"column":8},"end":{"line":306,"column":8}}]},"15":{"line":324,"type":"if","locations":[{"start":{"line":324,"column":8},"end":{"line":324,"column":8}},{"start":{"line":324,"column":8},"end":{"line":324,"column":8}}]},"16":{"line":355,"type":"cond-expr","locations":[{"start":{"line":355,"column":41},"end":{"line":355,"column":57}},{"start":{"line":355,"column":60},"end":{"line":355,"column":76}}]},"17":{"line":357,"type":"if","locations":[{"start":{"line":357,"column":8},"end":{"line":357,"column":8}},{"start":{"line":357,"column":8},"end":{"line":357,"column":8}}]},"18":{"line":360,"type":"if","locations":[{"start":{"line":360,"column":8},"end":{"line":360,"column":8}},{"start":{"line":360,"column":8},"end":{"line":360,"column":8}}]},"19":{"line":396,"type":"if","locations":[{"start":{"line":396,"column":8},"end":{"line":396,"column":8}},{"start":{"line":396,"column":8},"end":{"line":396,"column":8}}]},"20":{"line":400,"type":"cond-expr","locations":[{"start":{"line":400,"column":27},"end":{"line":400,"column":49}},{"start":{"line":400,"column":52},"end":{"line":400,"column":54}}]},"21":{"line":427,"type":"if","locations":[{"start":{"line":427,"column":8},"end":{"line":427,"column":8}},{"start":{"line":427,"column":8},"end":{"line":427,"column":8}}]},"22":{"line":443,"type":"if","locations":[{"start":{"line":443,"column":8},"end":{"line":443,"column":8}},{"start":{"line":443,"column":8},"end":{"line":443,"column":8}}]},"23":{"line":498,"type":"if","locations":[{"start":{"line":498,"column":8},"end":{"line":498,"column":8}},{"start":{"line":498,"column":8},"end":{"line":498,"column":8}}]},"24":{"line":512,"type":"if","locations":[{"start":{"line":512,"column":8},"end":{"line":512,"column":8}},{"start":{"line":512,"column":8},"end":{"line":512,"column":8}}]},"25":{"line":527,"type":"if","locations":[{"start":{"line":527,"column":8},"end":{"line":527,"column":8}},{"start":{"line":527,"column":8},"end":{"line":527,"column":8}}]},"26":{"line":558,"type":"binary-expr","locations":[{"start":{"line":558,"column":36},"end":{"line":558,"column":52}},{"start":{"line":558,"column":56},"end":{"line":558,"column":72}}]},"27":{"line":560,"type":"cond-expr","locations":[{"start":{"line":560,"column":35},"end":{"line":560,"column":45}},{"start":{"line":560,"column":48},"end":{"line":560,"column":50}}]},"28":{"line":587,"type":"binary-expr","locations":[{"start":{"line":587,"column":36},"end":{"line":587,"column":52}},{"start":{"line":587,"column":56},"end":{"line":587,"column":72}}]},"29":{"line":589,"type":"cond-expr","locations":[{"start":{"line":589,"column":35},"end":{"line":589,"column":45}},{"start":{"line":589,"column":48},"end":{"line":589,"column":50}}]},"30":{"line":605,"type":"if","locations":[{"start":{"line":605,"column":8},"end":{"line":605,"column":8}},{"start":{"line":605,"column":8},"end":{"line":605,"column":8}}]},"31":{"line":644,"type":"if","locations":[{"start":{"line":644,"column":8},"end":{"line":644,"column":8}},{"start":{"line":644,"column":8},"end":{"line":644,"column":8}}]},"32":{"line":711,"type":"if","locations":[{"start":{"line":711,"column":8},"end":{"line":711,"column":8}},{"start":{"line":711,"column":8},"end":{"line":711,"column":8}}]},"33":{"line":712,"type":"cond-expr","locations":[{"start":{"line":712,"column":62},"end":{"line":712,"column":78}},{"start":{"line":712,"column":81},"end":{"line":712,"column":83}}]},"34":{"line":712,"type":"cond-expr","locations":[{"start":{"line":712,"column":137},"end":{"line":712,"column":140}},{"start":{"line":712,"column":143},"end":{"line":712,"column":145}}]},"35":{"line":715,"type":"cond-expr","locations":[{"start":{"line":715,"column":60},"end":{"line":715,"column":62}},{"start":{"line":715,"column":65},"end":{"line":715,"column":67}}]},"36":{"line":715,"type":"cond-expr","locations":[{"start":{"line":715,"column":109},"end":{"line":715,"column":111}},{"start":{"line":715,"column":114},"end":{"line":715,"column":116}}]},"37":{"line":716,"type":"binary-expr","locations":[{"start":{"line":716,"column":25},"end":{"line":716,"column":47}},{"start":{"line":716,"column":51},"end":{"line":716,"column":86}}]},"38":{"line":717,"type":"cond-expr","locations":[{"start":{"line":717,"column":39},"end":{"line":717,"column":66}},{"start":{"line":717,"column":69},"end":{"line":717,"column":97}}]},"39":{"line":718,"type":"cond-expr","locations":[{"start":{"line":718,"column":37},"end":{"line":718,"column":59}},{"start":{"line":718,"column":62},"end":{"line":718,"column":79}}]},"40":{"line":719,"type":"cond-expr","locations":[{"start":{"line":719,"column":45},"end":{"line":719,"column":49}},{"start":{"line":719,"column":52},"end":{"line":719,"column":54}}]},"41":{"line":727,"type":"cond-expr","locations":[{"start":{"line":727,"column":38},"end":{"line":727,"column":41}},{"start":{"line":727,"column":44},"end":{"line":727,"column":47}}]},"42":{"line":732,"type":"if","locations":[{"start":{"line":732,"column":12},"end":{"line":732,"column":12}},{"start":{"line":732,"column":12},"end":{"line":732,"column":12}}]},"43":{"line":766,"type":"if","locations":[{"start":{"line":766,"column":8},"end":{"line":766,"column":8}},{"start":{"line":766,"column":8},"end":{"line":766,"column":8}}]},"44":{"line":784,"type":"if","locations":[{"start":{"line":784,"column":8},"end":{"line":784,"column":8}},{"start":{"line":784,"column":8},"end":{"line":784,"column":8}}]},"45":{"line":785,"type":"if","locations":[{"sta
[...]
) {","        var _this = _super.call(this) || this;","        _this.message = \"Error from InfluxDB: \" + message;","        return _this;","    }","    return ResultError;","}(Error));","exports.ResultError = ResultError;","function groupMethod(matcher) {","    // We do a tiny bit of 'custom' deep equality checking here, taking","    // advantage of the fact that the tag keys are consistent across all","    // series results. This lets us match groupings much more efficiently,","    // ~6000x faster than the fastest vanilla equality checker (lodash)","    // when operating on large (~100,000 grouping) sets.","    var srcKeys = this.groupsTagsKeys;","    var dstKeys = Object.keys(matcher);","    if (srcKeys.length === 0 || srcKeys.length !== dstKeys.length) {","        return [];","    }","    L: for (var i = 0; i < this.groupRows.length; i += 1) {","        for (var k = 0; k < srcKeys.length; k += 1) {","            if (this.groupRows[i].tags[srcKeys[k]] !== matcher[srcKeys[k]]) {","                continue L;","            }","        }","        return this.groupRows[i].rows;","    }","    return [];","}","function groupsMethod() {","    return this.groupRows;","}","/**"," * Inner parsing function which unpacks the series into a table and attaches"," * methods to the array. This is quite optimized and a bit of a mess to read,"," * but it's all fairly easy procedural logic."," *"," * We do this instead of subclassing Array since subclassing has some"," * undesirable side-effects. For example, calling .slice() on the array"," * makes it impossible to preserve groups as would be necessary if it's"," * subclassed."," */","function parseInner(series, precision) {","    if (series === void 0) { series = []; }","    var results = [];","    var tags = results.groupsTagsKeys","        = series.length && series[0].tags ? Object.keys(series[0].tags) : [];","    var nextGroup = [];","    results.groupRows = new Array(series.length); // tslint:disable-line","    var lastEnd = 0;","    for (var i = 0; i < series.length; i += 1, lastEnd = results.length) {","        var _a = series[i], _b = _a.columns, columns = _b === void 0 ? [] : _b, _c = _a.values, values = _c === void 0 ? [] : _c;","        for (var k = 0; k < values.length; k += 1) {","            var obj = {};","            for (var j = 0; j < columns.length; j += 1) {","                if (columns[j] === 'time') {","                    obj.time = grammar_1.isoOrTimeToDate(values[k][j], precision);","                }","                else {","                    obj[columns[j]] = values[k][j];","                }","            }","            for (var j = 0; j < tags.length; j += 1) {","                obj[tags[j]] = series[i].tags[tags[j]];","            }","            results.push(obj);","            nextGroup.push(obj);","        }","        results.groupRows[i] = {","            name: series[i].name,","            rows: nextGroup,","            tags: series[i].tags || {},","        };","        nextGroup = [];","    }","    results.group = groupMethod;","    results.groups = groupsMethod;","    return results;","}","/**"," * Checks if there are any errors in the IResponse and, if so, it throws them."," * @private"," * @throws {ResultError}"," */","function assertNoErrors(res) {","    for (var i = 0; i < res.results.length; i += 1) {","        var error = res.results[i].error;","        if (error) {","            throw new ResultError(error);","        }","    }","    return res;","}","exports.assertNoErrors = assertNoErrors;","/**"," * From parses out a response to a result or list of responses."," * There are three situations we cover here:"," *  1. A single query without groups, like `select * from myseries`"," *  2. A single query with groups, generated with a `group by` statement"," *     which groups by series *tags*, grouping by times is case (1)"," *  3. Multiple queries of types 1 and 2"," * @private"," */","function parse(res, precision) {","    assertNoErrors(res);","    if (res.results.length === 1) {","        return parseInner(res.results[0].series, precision);","    }","    else {","        return res.results.map(function (result) { return parseInner(result.series, precision); });","    }","}","exports.parse = parse;","/**"," * parseSingle asserts that the response contains a single result,"," * and returns that result."," * @throws {Error} if the number of results is not exactly one"," * @private"," */","function parseSingle(res, precision) {","    assertNoErrors(res);","    if (res.results.length !== 1) {","        throw new Error('node-influx expected the results length to equal 1, but ' +","            (\"it was \" + 0 + \". Please report this here: https://git.io/influx-err\"));","    }","    return parseInner(res.results[0].series, precision);","}","exports.parseSingle = parseSingle;",""],"l":{"2":1,"3":1,"4":0,"5":0,"6":1,"7":1,"8":1,"9":1,"12":1,"13":1,"17":1,"18":1,"19":1,"20":0,"21":0,"22":0,"24":1,"26":1,"27":1,"33":0,"34":0,"35":0,"36":0,"38":0,"39":0,"40":0,"41":0,"44":0,"46":0,"48":1,"49":0,"61":1,"62":0,"63":0,"64":0,"66":0,"67":0,"68":0,"69":0,"70":0,"71":0,"72":0,"73":0,"74":0,"75":0,"78":0,"81":0,"82":0,"84":0,"85":0,"87":0,"92":0,"94":0,"95":0,"96":0,"103":1,"104":0,"105":0,"106":0,"107":0,"110":0,"112":1,"122":1,"123":0,"124":0,"125":0,"128":0,"131":1,"138":1,"139":0,"140":0,"141":0,"144":0,"146":1}},"/home/travis/build/npmtest/node-npmtest-influx/node_modules/influx/lib/src/schema.js":{"path":"/home/travis/build/npmtest/node-npmtest-influx/node_modules/influx/lib/src/schema.js","s":{"1":1,"2":1,"3":1,"4":1,"5":0,"6":0,"7":0,"8":0,"9":0,"10":0,"11":1,"12":0,"13":0,"14":0,"15":0,"16":0,"17":0,"18":0,"19":0,"20":0,"21":0,"22":0,"23":0,"24":0,"25":0,"26":0,"27":0,"28":0,"29":0,"30":0,"31":0,"32":0,"33":0,"34":0,"35":0,"36":0,"37":0,"38":0,"39":0,"40":0,"41":0,"42":0,"43":0,"44":0,"45":0,"46":0,"47":1,"48":0,"49":0,"50":0,"51":0,"52":0,"53":0,"54":0,"55":1,"56":0,"57":0,"58":0,"59":0,"60":1,"61":1,"62":1,"63":0,"64":0,"65":0,"66":0,"67":0,"68":1},"b":{"1":[0,0],"2":[0,0],"3":[0,0,0,0,0],"4":[0,0],"5":[0,0],"6":[0,0],"7":[0,0],"8":[0,0],"9":[0,0],"10":[0,0],"11":[0,0],"12":[0,0],"13":[0,0]},"f":{"1":1,"2":0,"3":0,"4":0,"5":0,"6":0,"7":0,"8":0,"9":0,"10":0,"11":0},"fnMap":{"1":{"name":"(anonymous_1)","line":8,"loc":{"start":{"line":8,"column":14},"end":{"line":8,"column":26}}},"2":{"name":"Schema","line":9,"loc":{"start":{"line":9,"column":4},"end":{"line":9,"column":29}}},"3":{"name":"(anonymous_3)","line":16,"loc":{"start":{"line":16,"column":29},"end":{"line":16,"column":44}}},"4":{"name":"(anonymous_4)","line":23,"loc":{"start":{"line":23,"column":36},"end":{"line":23,"column":54}}},"5":{"name":"(anonymous_5)","line":27,"loc":{"start":{"line":27,"column":32},"end":{"line":27,"column":49}}},"6":{"name":"(anonymous_6)","line":68,"loc":{"start":{"line":68,"column":41},"end":{"line":68,"column":54}}},"7":{"name":"(anonymous_7)","line":78,"loc":{"start":{"line":78,"column":33},"end":{"line":78,"column":49}}},"8":{"name":"(anonymous_8)","line":81,"loc":{"start":{"line":81,"column":38},"end":{"line":81,"column":53}}},"9":{"name":"(anonymous_9)","line":91,"loc":{"start":{"line":91,"column":27},"end":{"line":91,"column":44}}},"10":{"name":"coerceBadly","line":106,"loc":{"start":{"line":106,"column":0},"end":{"line":106,"column":29}}},"11":{"name":"(anonymous_11)","line":107,"loc":{"start":{"line":107,"column":42},"end":{"line":107,"column":59}}}},"statementMap":{"1":{"start":{"line":2,"column":0},"end":{"line":2,"column":62}},"2":{"start":{"line":3,"column":0},"end":{"line":3,"column":37}},"3":{"start":{"line":8,"column":0},"end":{"line":99,"column":5}},"4":{"start":{"line":9,"column":4},"end":{"line":17,"column":5}},"5":{"start":{"line":10,"column":8},"end":{"line":10,"column":25}},"6":{"start":{"line":11,"column":8},"end":{"line":11,"column":31}},"7":{"start":{"line":12,"column":8},"end":{"line":12,"column":26}},"8":{"start":{"line":15,"column":8},"end":{"line":15,"column":61}},"9":{"start":{"line":16,"column":8},"end":{"line":16,"column":76}},"10":{"start":{"line":16,"column":46},"end":{"line":16,"column":72}},"11":{"start":{"line":23,"column":4},"end":{"line":73,"column":6}},"12":{"start":{"line":24,"column":8},"end":{"line":24,"column":25}},"13":{"start":{"line":25,"column":8},"end":{"line":25,"column":25}},"14":{"start":{"line":26,"column":8},"end":{"line":26,"column":24}},"15":{"start":{"line":27,"column":8},"end":{"line":65,"column":11}},"16":{"start":{"line":28,"column":12},"end":{"line":30,"column":13}},"17":{"start":{"line":29,"column":16},"end":{"line":29,"column":23}},"18":{"start":{"line":31,"column":12},"end":{"line":31,"column":38}},"19":{"start":{"line":32,"column":12},"end":{"line":32,"column":35}},"20":{"start":{"line":33,"column":12},"end":{"line":33,"column":26}},"21":{"start":{"line":34,"column":12},"end":{"line":36,"column":13}},"22":{"start":{"line":35,"column":16},"end":{"line":35,"column":23}},"23":{"start":{"line":37,"column":12},"end":{"line":37,"column":24}},"24":{"start":{"line":38,"column":12},"end":{"line":63,"column":13}},"25":{"start":{"line":40,"column":20},"end":{"line":40,"column":69}},"26":{"start":{"line":41,"column":20},"end":{"line":41,"column":26}},"27":{"start":{"line":43,"column":20},"end":{"line":45,"column":21}},"28":{"start":{"line":44,"column":24},"end":{"line":44,"column":121}},"29":{"start":{"line":46,"column":20},"end":{"line":46,"column":62}},"30":{"start":{"line":47,"column":20},"end":{"line":47,"column":26}},"31":{"start":{"line":49,"column":20},"end":{"line":51,"column":21}},"32":{"start":{"line":50,"column":24},"end":{"line":50,"column":121}},"33":{"start":{"line":52,"column":20},"end":{"line":52,"column":44}},"34":{"start":{"line":53,"column":20},"end":{"line":53,"column":26}},"35":{"start":{"line":55,"column":20},"end":{"line":57,"column":21}},"36":{"start":{"line":56,"column":24},"end":{"line":56,"column":119}},"37":{"start":{"line":58,"column":20},"end":{"line":58,"column":48}},"38":{"start":{"line":59,"column":20},"end":{"line":59,"column":26}},"39":{"start":{"line":61,"column":20},"end":{"line":62,"column":95}},"40":{"start":{"line":64,"column":12},"end":{"line":64,"column":42}},"41":{"start":{"line":66,"column":8},"end":{"line":66,"column":39}},"42":{"start":{"line":67,"column":8},"end":{"line":71,"column":9}},"43":{"start":{"line":68,"column":12},"end":{"line":68,"column":102}},"44":{"start":{"line":68,"column":56},"end":{"line":68,"column":98}},"45":{"start":{"line":69,"column":12},"end":{"line":70,"column":71}},"46":{"start":{"line":72,"column":8},"end":{"line":72,"column":22}},"47":{"start":{"line":78,"column":4},"end":{"line":87,"column":6}},"48":{"start":{"line":79,"column":8},"end":{"line":79,"column":25}},"49":{"start":{"line":80,"column":8},"end":{"line":80,"column":38}},"50":{"start":{"line":81,"column":8},"end":{"line":81,"column":86}},"51":{"start":{"line":81,"column":55},"end":{"line":81,"column":82}},"52":{"start":{"line":82,"column":8},"end":{"line":85,"column":9}},"53":{"start":{"line":83,"column":12},"end":{"line":84,"column":71}},"54":{"start":{"line":86,"column":8},"end":{"line":86,"column":21}},"55":{"start":{"line":91,"column":4},"end":{"line":97,"column":6}},"56":{"start":{"line":92,"column":8},"end":{"line":92,"column":73}},"57":{"start":{"line":93,"column":8},"end":{"line":95,"column":9}},"58":{"start":{"line":94,"column":12},"end":{"line":94,"column":31}},"59":{"start":{"line":96,"column":8},"end":{"line":96,"column":19}},"60":{"start":{"line":98,"column":4},"end":{"line":98,"column":18}},"61":{"start":{"line":100,"column":0},"end":{"line":100,"column":24}},"62":{"start":{"line":106,"column":0},"end":{"line":116,"column":1}},"63":{"start":{"line":107,"column":4},"end":{"line":115,"column":7}},"64":{"start":{"line":108,"column":8},"end":{"line":108,"column":34}},"65":{"start":{"line":109,"column":8},"end":{"line":114,"column":9}},"66":{"start":{"line":110,"column":12},"end":{"line":110,"column":59}},"67":{"start":{"line":113,"column":12},"end":{"line":113,"column":42}},"68":{"start":{"line":117,"column":0},"end":{"line":117,"column":34}}},"branchMap":{"1":{"line":28,"type":"if","locations":[{"start":{"line":28,"column":12},"end":{"line":28,"column":12}},{"start":{"line":28,"column":12},"end":{"line":28,"column":12}}]},"2":{"line":34,"type":"if","locations":[{"start":{"line":34,"column":12},"end":{"line":34,"column":12}},{"start":{"line":34,"column":12},"end":{"line":34,"column":12}}]},"3":{"line":38,"type":"switch","locations":[{"start":{"line":39,"column":16},"end":{"line":41,"column":26}},{"start":{"line":42,"column":16},"end":{"line":47,"column":26}},{"start":{"line":48,"column":16},"end":{"line":53,"column":26}},{"start":{"line":54,"column":16},"end":{"line":59,"column":26}},{"start":{"line":60,"column":16},"end":{"line":62,"column":95}}]},"4":{"line":43,"type":"if","locations":[{"start":{"line":43,"column":20},"end":{"line":43,"column":20}},{"start":{"line":43,"column":20},"end":{"line":43,"column":20}}]},"5":{"line":43,"type":"binary-expr","locations":[{"start":{"line":43,"column":24},"end":{"line":43,"column":40}},{"start":{"line":43,"column":44},"end":{"line":43,"column":79}}]},"6":{"line":49,"type":"if","locations":[{"start":{"line":49,"column":20},"end":{"line":49,"column":20}},{"start":{"line":49,"column":20},"end":{"line":49,"column":20}}]},"7":{"line":49,"type":"binary-expr","locations":[{"start":{"line":49,"column":24},"end":{"line":49,"column":40}},{"start":{"line":49,"column":44},"end":{"line":49,"column":79}}]},"8":{"line":55,"type":"if","locations":[{"start":{"line":55,"column":20},"end":{"line":55,"column":20}},{"start":{"line":55,"column":20},"end":{"line":55,"column":20}}]},"9":{"line":58,"type":"cond-expr","locations":[{"start":{"line":58,"column":38},"end":{"line":58,"column":41}},{"start":{"line":58,"column":44},"end":{"line":58,"column":47}}]},"10":{"line":67,"type":"if","locations":[{"start":{"line":67,"column":8},"end":{"line":67,"column":8}},{"start":{"line":67,"column":8},"end":{"line":67,"column":8}}]},"11":{"line":82,"type":"if","locations":[{"start":{"line":82,"column":8},"end":{"line":82,"column":8}},{"start":{"line":82,"column":8},"end":{"line":82,"column":8}}]},"12":{"line":93,"type":"if","locations":[{"start":{"line":93,"column":8},"end":{"line":93,"column":8}},{"start":{"line":93,"column":8},"end":{"line":93,"column":8}}]},"13":{"line":109,"type":"if","locations":[{"start":{"line":109,"column":8},"end":{"line":109,"column":8}},{"start":{"line":109,"column":8},"end":{"line":109,"column":8}}]}},"code":["\"use strict\";","Object.defineProperty(exports, \"__esModule\", { value: true });","var grammar_1 = require(\"./grammar\");","/**"," * The Schema provides information and utilities for an InfluxDB measurement."," * @private"," */","var Schema = (function () {","    function Schema(options) {","        var _this = this;","        this.options = options;","        this.tagHash = {};","        // fieldNames are sorted for performance: when coerceFields is run the","        // fields will be added to the output in order.","        this.fieldNames = Object.keys(options.fields).sort();","        options.tags.forEach(function (tag) { _this.tagHash[tag] = true; });","    }","    /**","     * coerceFields converts a map of field values to a strings which","     * can be injected into the line protocol without further escaping.","     * The output is given in [key, value] pairs.","     */","    Schema.prototype.coerceFields = function (fields) {","        var _this = this;","        var consumed = 0;","        var output = [];","        this.fieldNames.forEach(function (field) {","            if (!fields.hasOwnProperty(field)) {","                return;","            }","            var value = fields[field];","            var typ = typeof value;","            consumed += 1;","            if (value == null) {","                return;","            }","            var coerced;","            switch (_this.options.fields[field]) {","                case grammar_1.FieldType.STRING:","                    coerced = grammar_1.escape.quoted(String(value));","                    break;","                case grammar_1.FieldType.INTEGER:","                    if (typ !== 'number' && !grammar_1.isNumeric(String(value))) {","                        throw new Error(\"Expected numeric value for \" + _this.ref(field) + \", but got '\" + value + \"'!\");","                    }","                    coerced = String(Math.floor(value)) + 'i';","                    break;","                case grammar_1.FieldType.FLOAT:","                    if (typ !== 'number' && !grammar_1.isNumeric(String(value))) {","                        throw new Error(\"Expected numeric value for \" + _this.ref(field) + \", but got '\" + value + \"'!\");","                    }","                    coerced = String(value);","                    break;","                case grammar_1.FieldType.BOOLEAN:","                    if (typ !== 'boolean') {","                        throw new Error(\"Expected boolean value for \" + _this.ref(field) + \", but got a \" + typ + \"!\");","                    }","                    coerced = value ? 'T' : 'F';","                    break;","                default:","                    throw new Error(\"Unknown field type \" + _this.options.fields[field] + \" for \" + field + \" in \" +","                        (_this.ref() + \". Please ensure that your configuration is correct.\"));","            }","            output.push([field, coerced]);","        });","        var keys = Object.keys(fields);","        if (consumed !== keys.length) {","            var extraneous = keys.filter(function (f) { return _this.fieldNames.indexOf(f) === -1; });","            throw new Error(\"Extraneous fields detected for writing InfluxDB point in \" +","                (this.ref() + \": `\" + extraneous.join('`, `') + \"`.\"));","        }","        return output;","    };","    /**","     * Throws an error if the tags include values other than","     * what was specified in the schema. It returns a list of tag names.","     */","    Schema.prototype.checkTags = function (tags) {","        var _this = this;","        var names = Object.keys(tags);","        var extraneous = names.filter(function (tag) { return !_this.tagHash[tag]; });","        if (extraneous.length > 0) {","            throw new Error(\"Extraneous tags detected for writing InfluxDB point in \" +","                (this.ref() + \": `\" + extraneous.join('`, `') + \"`.\"));","        }","        return names;","    };","    /**","     * Returns the 'db'.'measurement'[.'field'] referencing the current schema.","     */","    Schema.prototype.ref = function (field) {","        var out = this.options.database + '.' + this.options.measurement;","        if (field) {","            out += '.' + field;","        }","        return out;","    };","    return Schema;","}());","exports.Schema = Schema;","/**"," * Coerces the field map to a set of writable values, a la coerceFields,"," * using native guesses based on the field datatypes."," * @private"," */","function coerceBadly(fields) {","    return Object.keys(fields).sort().map(function (field) {","        var value = fields[field];","        if (typeof value === 'string') {","            return [field, grammar_1.escape.quoted(value)];","        }","        else {","            return [field, String(value)];","        }","    });","}","exports.coerceBadly = coerceBadly;",""],"l":{"2":1,"3":1,"8":1,"9":1,"10":0,"11":0,"12":0,"15":0,"16":0,"23":1,"24":0,"25":0,"26":0,"27":0,"28":0,"29":0,"31":0,"32":0,"33":0,"34":0,"35":0,"37":0,"38":0,"40":0,"41":0,"43":0,"44":0,"46":0,"47":0,"49":0,"50":0,"52":0,"53":0,"55":0,"56":0,"58":0,"59":0,"61":0,"64":0,"66":0,"67":0,"68":0,"69":0,"72":0,"78":1,"79":0,"80":0,"81":0,"82":0,"83":0,"86":0,"91":1,"92":0,"93":0,"94":0,"96":0,"98":1,"100":1,"106":1,"107":0,"108":0,"109":0,"110":0,"113":0,"117":1}}}